[19-Aug-2024 16:21:19 Asia/Seoul] PHP Warning:  include_once(lib/mailer.lib.php): failed to open stream: No such file or directory in /var/www/imcvp.org/main/common/common.php on line 302
[19-Aug-2024 16:21:19 Asia/Seoul] PHP Warning:  include_once(): Failed opening 'lib/mailer.lib.php' for inclusion (include_path='.:/usr/share/php') in /var/www/imcvp.org/main/common/common.php on line 302
[19-Aug-2024 17:43:28 Asia/Seoul] PHP Warning:  include_once(lib/mailer.lib.php): failed to open stream: No such file or directory in /var/www/imcvp.org/main/common/common.php on line 302
[19-Aug-2024 17:43:28 Asia/Seoul] PHP Warning:  include_once(): Failed opening 'lib/mailer.lib.php' for inclusion (include_path='.:/usr/share/php') in /var/www/imcvp.org/main/common/common.php on line 302
[19-Aug-2024 17:44:17 Asia/Seoul] PHP Warning:  include_once(lib/mailer.lib.php): failed to open stream: No such file or directory in /var/www/imcvp.org/main/common/common.php on line 302
[19-Aug-2024 17:44:17 Asia/Seoul] PHP Warning:  include_once(): Failed opening 'lib/mailer.lib.php' for inclusion (include_path='.:/usr/share/php') in /var/www/imcvp.org/main/common/common.php on line 302
[20-Aug-2024 09:14:06 Asia/Seoul] PHP Warning:  include_once(lib/mailer.lib.php): failed to open stream: No such file or directory in /var/www/imcvp.org/main/common/common.php on line 302
[20-Aug-2024 09:14:06 Asia/Seoul] PHP Warning:  include_once(): Failed opening 'lib/mailer.lib.php' for inclusion (include_path='.:/usr/share/php') in /var/www/imcvp.org/main/common/common.php on line 302
[20-Aug-2024 10:30:04 Asia/Seoul] PHP Warning:  include_once(lib/mailer.lib.php): failed to open stream: No such file or directory in /var/www/imcvp.org/main/common/common.php on line 302
[20-Aug-2024 10:30:04 Asia/Seoul] PHP Warning:  include_once(): Failed opening 'lib/mailer.lib.php' for inclusion (include_path='.:/usr/share/php') in /var/www/imcvp.org/main/common/common.php on line 302
[21-Aug-2024 15:39:48 Asia/Seoul] PHP Warning:  include_once(lib/mailer.lib.php): failed to open stream: No such file or directory in /var/www/imcvp.org/main/common/common.php on line 302
[21-Aug-2024 15:39:48 Asia/Seoul] PHP Warning:  include_once(): Failed opening 'lib/mailer.lib.php' for inclusion (include_path='.:/usr/share/php') in /var/www/imcvp.org/main/common/common.php on line 302
[21-Aug-2024 17:03:25 Asia/Seoul] PHP Warning:  include_once(lib/mailer.lib.php): failed to open stream: No such file or directory in /var/www/imcvp.org/main/common/common.php on line 302
[21-Aug-2024 17:03:25 Asia/Seoul] PHP Warning:  include_once(): Failed opening 'lib/mailer.lib.php' for inclusion (include_path='.:/usr/share/php') in /var/www/imcvp.org/main/common/common.php on line 302
[21-Aug-2024 17:36:41 Asia/Seoul] PHP Warning:  include_once(lib/mailer.lib.php): failed to open stream: No such file or directory in /var/www/imcvp.org/main/common/common.php on line 302
[21-Aug-2024 17:36:41 Asia/Seoul] PHP Warning:  include_once(): Failed opening 'lib/mailer.lib.php' for inclusion (include_path='.:/usr/share/php') in /var/www/imcvp.org/main/common/common.php on line 302
[21-Aug-2024 21:37:01 Asia/Seoul] PHP Warning:  include_once(lib/mailer.lib.php): failed to open stream: No such file or directory in /var/www/imcvp.org/main/common/common.php on line 302
[21-Aug-2024 21:37:01 Asia/Seoul] PHP Warning:  include_once(): Failed opening 'lib/mailer.lib.php' for inclusion (include_path='.:/usr/share/php') in /var/www/imcvp.org/main/common/common.php on line 302
[22-Aug-2024 09:41:35 Asia/Seoul] PHP Warning:  include_once(lib/mailer.lib.php): failed to open stream: No such file or directory in /var/www/imcvp.org/main/common/common.php on line 302
[22-Aug-2024 09:41:35 Asia/Seoul] PHP Warning:  include_once(): Failed opening 'lib/mailer.lib.php' for inclusion (include_path='.:/usr/share/php') in /var/www/imcvp.org/main/common/common.php on line 302
[22-Aug-2024 10:42:45 Asia/Seoul] PHP Warning:  include_once(lib/mailer.lib.php): failed to open stream: No such file or directory in /var/www/imcvp.org/main/common/common.php on line 302
[22-Aug-2024 10:42:45 Asia/Seoul] PHP Warning:  include_once(): Failed opening 'lib/mailer.lib.php' for inclusion (include_path='.:/usr/share/php') in /var/www/imcvp.org/main/common/common.php on line 302
[22-Aug-2024 10:55:55 Asia/Seoul] PHP Warning:  include_once(lib/mailer.lib.php): failed to open stream: No such file or directory in /var/www/imcvp.org/main/common/common.php on line 302
[22-Aug-2024 10:55:55 Asia/Seoul] PHP Warning:  include_once(): Failed opening 'lib/mailer.lib.php' for inclusion (include_path='.:/usr/share/php') in /var/www/imcvp.org/main/common/common.php on line 302
[22-Aug-2024 12:00:21 Asia/Seoul] PHP Warning:  include_once(lib/mailer.lib.php): failed to open stream: No such file or directory in /var/www/imcvp.org/main/common/common.php on line 302
[22-Aug-2024 12:00:21 Asia/Seoul] PHP Warning:  include_once(): Failed opening 'lib/mailer.lib.php' for inclusion (include_path='.:/usr/share/php') in /var/www/imcvp.org/main/common/common.php on line 302
[22-Aug-2024 12:37:34 Asia/Seoul] PHP Warning:  include_once(lib/mailer.lib.php): failed to open stream: No such file or directory in /var/www/imcvp.org/main/common/common.php on line 302
[22-Aug-2024 12:37:34 Asia/Seoul] PHP Warning:  include_once(): Failed opening 'lib/mailer.lib.php' for inclusion (include_path='.:/usr/share/php') in /var/www/imcvp.org/main/common/common.php on line 302
[22-Aug-2024 12:44:22 Asia/Seoul] PHP Warning:  include_once(lib/mailer.lib.php): failed to open stream: No such file or directory in /var/www/imcvp.org/main/common/common.php on line 302
[22-Aug-2024 12:44:22 Asia/Seoul] PHP Warning:  include_once(): Failed opening 'lib/mailer.lib.php' for inclusion (include_path='.:/usr/share/php') in /var/www/imcvp.org/main/common/common.php on line 302
[22-Aug-2024 12:44:23 Asia/Seoul] PHP Warning:  include_once(lib/mailer.lib.php): failed to open stream: No such file or directory in /var/www/imcvp.org/main/common/common.php on line 302
[22-Aug-2024 12:44:23 Asia/Seoul] PHP Warning:  include_once(): Failed opening 'lib/mailer.lib.php' for inclusion (include_path='.:/usr/share/php') in /var/www/imcvp.org/main/common/common.php on line 302
[22-Aug-2024 14:08:46 Asia/Seoul] PHP Warning:  include_once(lib/mailer.lib.php): failed to open stream: No such file or directory in /var/www/imcvp.org/main/common/common.php on line 302
[22-Aug-2024 14:08:46 Asia/Seoul] PHP Warning:  include_once(): Failed opening 'lib/mailer.lib.php' for inclusion (include_path='.:/usr/share/php') in /var/www/imcvp.org/main/common/common.php on line 302
[22-Aug-2024 15:53:53 Asia/Seoul] PHP Warning:  include_once(lib/mailer.lib.php): failed to open stream: No such file or directory in /var/www/imcvp.org/main/common/common.php on line 302
[22-Aug-2024 15:53:53 Asia/Seoul] PHP Warning:  include_once(): Failed opening 'lib/mailer.lib.php' for inclusion (include_path='.:/usr/share/php') in /var/www/imcvp.org/main/common/common.php on line 302
[22-Aug-2024 19:47:55 Asia/Seoul] PHP Warning:  include_once(lib/mailer.lib.php): failed to open stream: No such file or directory in /var/www/imcvp.org/main/common/common.php on line 302
[22-Aug-2024 19:47:55 Asia/Seoul] PHP Warning:  include_once(): Failed opening 'lib/mailer.lib.php' for inclusion (include_path='.:/usr/share/php') in /var/www/imcvp.org/main/common/common.php on line 302
[23-Aug-2024 09:00:36 Asia/Seoul] PHP Warning:  include_once(lib/mailer.lib.php): failed to open stream: No such file or directory in /var/www/imcvp.org/main/common/common.php on line 302
[23-Aug-2024 09:00:36 Asia/Seoul] PHP Warning:  include_once(): Failed opening 'lib/mailer.lib.php' for inclusion (include_path='.:/usr/share/php') in /var/www/imcvp.org/main/common/common.php on line 302
[23-Aug-2024 18:35:03 Asia/Seoul] PHP Warning:  include_once(lib/mailer.lib.php): failed to open stream: No such file or directory in /var/www/imcvp.org/main/common/common.php on line 302
[23-Aug-2024 18:35:03 Asia/Seoul] PHP Warning:  include_once(): Failed opening 'lib/mailer.lib.php' for inclusion (include_path='.:/usr/share/php') in /var/www/imcvp.org/main/common/common.php on line 302
[25-Aug-2024 16:08:39 Asia/Seoul] PHP Warning:  include_once(lib/mailer.lib.php): failed to open stream: No such file or directory in /var/www/imcvp.org/main/common/common.php on line 302
[25-Aug-2024 16:08:39 Asia/Seoul] PHP Warning:  include_once(): Failed opening 'lib/mailer.lib.php' for inclusion (include_path='.:/usr/share/php') in /var/www/imcvp.org/main/common/common.php on line 302
[25-Aug-2024 17:42:01 Asia/Seoul] PHP Warning:  include_once(lib/mailer.lib.php): failed to open stream: No such file or directory in /var/www/imcvp.org/main/common/common.php on line 302
[25-Aug-2024 17:42:01 Asia/Seoul] PHP Warning:  include_once(): Failed opening 'lib/mailer.lib.php' for inclusion (include_path='.:/usr/share/php') in /var/www/imcvp.org/main/common/common.php on line 302
[25-Aug-2024 22:55:32 Asia/Seoul] PHP Warning:  include_once(lib/mailer.lib.php): failed to open stream: No such file or directory in /var/www/imcvp.org/main/common/common.php on line 302
[25-Aug-2024 22:55:32 Asia/Seoul] PHP Warning:  include_once(): Failed opening 'lib/mailer.lib.php' for inclusion (include_path='.:/usr/share/php') in /var/www/imcvp.org/main/common/common.php on line 302
[26-Aug-2024 09:56:07 Asia/Seoul] PHP Warning:  include_once(lib/mailer.lib.php): failed to open stream: No such file or directory in /var/www/imcvp.org/main/common/common.php on line 302
[26-Aug-2024 09:56:07 Asia/Seoul] PHP Warning:  include_once(): Failed opening 'lib/mailer.lib.php' for inclusion (include_path='.:/usr/share/php') in /var/www/imcvp.org/main/common/common.php on line 302
[27-Aug-2024 09:39:41 Asia/Seoul] PHP Warning:  include_once(lib/mailer.lib.php): failed to open stream: No such file or directory in /var/www/imcvp.org/main/common/common.php on line 302
[27-Aug-2024 09:39:41 Asia/Seoul] PHP Warning:  include_once(): Failed opening 'lib/mailer.lib.php' for inclusion (include_path='.:/usr/share/php') in /var/www/imcvp.org/main/common/common.php on line 302
[28-Aug-2024 19:23:17 Asia/Seoul] PHP Warning:  include_once(lib/mailer.lib.php): failed to open stream: No such file or directory in /var/www/imcvp.org/main/common/common.php on line 302
[28-Aug-2024 19:23:17 Asia/Seoul] PHP Warning:  include_once(): Failed opening 'lib/mailer.lib.php' for inclusion (include_path='.:/usr/share/php') in /var/www/imcvp.org/main/common/common.php on line 302
[28-Aug-2024 23:50:08 Asia/Seoul] PHP Warning:  include_once(lib/mailer.lib.php): failed to open stream: No such file or directory in /var/www/imcvp.org/main/common/common.php on line 302
[28-Aug-2024 23:50:08 Asia/Seoul] PHP Warning:  include_once(): Failed opening 'lib/mailer.lib.php' for inclusion (include_path='.:/usr/share/php') in /var/www/imcvp.org/main/common/common.php on line 302
[29-Aug-2024 10:12:27 Asia/Seoul] PHP Warning:  include_once(lib/mailer.lib.php): failed to open stream: No such file or directory in /var/www/imcvp.org/main/common/common.php on line 302
[29-Aug-2024 10:12:27 Asia/Seoul] PHP Warning:  include_once(): Failed opening 'lib/mailer.lib.php' for inclusion (include_path='.:/usr/share/php') in /var/www/imcvp.org/main/common/common.php on line 302
[29-Aug-2024 17:27:59 Asia/Seoul] PHP Warning:  include_once(lib/mailer.lib.php): failed to open stream: No such file or directory in /var/www/imcvp.org/main/common/common.php on line 302
[29-Aug-2024 17:27:59 Asia/Seoul] PHP Warning:  include_once(): Failed opening 'lib/mailer.lib.php' for inclusion (include_path='.:/usr/share/php') in /var/www/imcvp.org/main/common/common.php on line 302
[30-Aug-2024 08:17:54 Asia/Seoul] PHP Warning:  include_once(lib/mailer.lib.php): failed to open stream: No such file or directory in /var/www/imcvp.org/main/common/common.php on line 302
[30-Aug-2024 08:17:54 Asia/Seoul] PHP Warning:  include_once(): Failed opening 'lib/mailer.lib.php' for inclusion (include_path='.:/usr/share/php') in /var/www/imcvp.org/main/common/common.php on line 302
[30-Aug-2024 11:24:33 Asia/Seoul] PHP Warning:  include_once(lib/mailer.lib.php): failed to open stream: No such file or directory in /var/www/imcvp.org/main/common/common.php on line 302
[30-Aug-2024 11:24:33 Asia/Seoul] PHP Warning:  include_once(): Failed opening 'lib/mailer.lib.php' for inclusion (include_path='.:/usr/share/php') in /var/www/imcvp.org/main/common/common.php on line 302
[30-Aug-2024 11:27:01 Asia/Seoul] PHP Warning:  include_once(lib/mailer.lib.php): failed to open stream: No such file or directory in /var/www/imcvp.org/main/common/common.php on line 302
[30-Aug-2024 11:27:01 Asia/Seoul] PHP Warning:  include_once(): Failed opening 'lib/mailer.lib.php' for inclusion (include_path='.:/usr/share/php') in /var/www/imcvp.org/main/common/common.php on line 302
[30-Aug-2024 11:28:29 Asia/Seoul] PHP Warning:  include_once(lib/mailer.lib.php): failed to open stream: No such file or directory in /var/www/imcvp.org/main/common/common.php on line 302
[30-Aug-2024 11:28:29 Asia/Seoul] PHP Warning:  include_once(): Failed opening 'lib/mailer.lib.php' for inclusion (include_path='.:/usr/share/php') in /var/www/imcvp.org/main/common/common.php on line 302
[30-Aug-2024 11:32:39 Asia/Seoul] PHP Warning:  include_once(lib/mailer.lib.php): failed to open stream: No such file or directory in /var/www/imcvp.org/main/common/common.php on line 302
[30-Aug-2024 11:32:39 Asia/Seoul] PHP Warning:  include_once(): Failed opening 'lib/mailer.lib.php' for inclusion (include_path='.:/usr/share/php') in /var/www/imcvp.org/main/common/common.php on line 302
[30-Aug-2024 22:46:05 Asia/Seoul] PHP Warning:  include_once(lib/mailer.lib.php): failed to open stream: No such file or directory in /var/www/imcvp.org/main/common/common.php on line 302
[30-Aug-2024 22:46:05 Asia/Seoul] PHP Warning:  include_once(): Failed opening 'lib/mailer.lib.php' for inclusion (include_path='.:/usr/share/php') in /var/www/imcvp.org/main/common/common.php on line 302
[01-Sep-2024 11:49:43 Asia/Seoul] PHP Warning:  include_once(lib/mailer.lib.php): failed to open stream: No such file or directory in /var/www/imcvp.org/main/common/common.php on line 302
[01-Sep-2024 11:49:43 Asia/Seoul] PHP Warning:  include_once(): Failed opening 'lib/mailer.lib.php' for inclusion (include_path='.:/usr/share/php') in /var/www/imcvp.org/main/common/common.php on line 302
[01-Sep-2024 11:59:06 Asia/Seoul] PHP Warning:  include_once(lib/mailer.lib.php): failed to open stream: No such file or directory in /var/www/imcvp.org/main/common/common.php on line 302
[01-Sep-2024 11:59:06 Asia/Seoul] PHP Warning:  include_once(): Failed opening 'lib/mailer.lib.php' for inclusion (include_path='.:/usr/share/php') in /var/www/imcvp.org/main/common/common.php on line 302
[01-Sep-2024 16:12:58 Asia/Seoul] PHP Warning:  include_once(lib/mailer.lib.php): failed to open stream: No such file or directory in /var/www/imcvp.org/main/common/common.php on line 302
[01-Sep-2024 16:12:58 Asia/Seoul] PHP Warning:  include_once(): Failed opening 'lib/mailer.lib.php' for inclusion (include_path='.:/usr/share/php') in /var/www/imcvp.org/main/common/common.php on line 302
[01-Sep-2024 18:04:45 Asia/Seoul] PHP Warning:  include_once(lib/mailer.lib.php): failed to open stream: No such file or directory in /var/www/imcvp.org/main/common/common.php on line 302
[01-Sep-2024 18:04:45 Asia/Seoul] PHP Warning:  include_once(): Failed opening 'lib/mailer.lib.php' for inclusion (include_path='.:/usr/share/php') in /var/www/imcvp.org/main/common/common.php on line 302
[01-Sep-2024 18:06:10 Asia/Seoul] PHP Warning:  include_once(lib/mailer.lib.php): failed to open stream: No such file or directory in /var/www/imcvp.org/main/common/common.php on line 302
[01-Sep-2024 18:06:10 Asia/Seoul] PHP Warning:  include_once(): Failed opening 'lib/mailer.lib.php' for inclusion (include_path='.:/usr/share/php') in /var/www/imcvp.org/main/common/common.php on line 302
[02-Sep-2024 09:15:09 Asia/Seoul] PHP Warning:  include_once(lib/mailer.lib.php): failed to open stream: No such file or directory in /var/www/imcvp.org/main/common/common.php on line 302
[02-Sep-2024 09:15:09 Asia/Seoul] PHP Warning:  include_once(): Failed opening 'lib/mailer.lib.php' for inclusion (include_path='.:/usr/share/php') in /var/www/imcvp.org/main/common/common.php on line 302
[02-Sep-2024 13:36:57 Asia/Seoul] PHP Warning:  include_once(lib/mailer.lib.php): failed to open stream: No such file or directory in /var/www/imcvp.org/main/common/common.php on line 302
[02-Sep-2024 13:36:57 Asia/Seoul] PHP Warning:  include_once(): Failed opening 'lib/mailer.lib.php' for inclusion (include_path='.:/usr/share/php') in /var/www/imcvp.org/main/common/common.php on line 302
[02-Sep-2024 14:01:33 Asia/Seoul] PHP Warning:  include_once(lib/mailer.lib.php): failed to open stream: No such file or directory in /var/www/imcvp.org/main/common/common.php on line 302
[02-Sep-2024 14:01:33 Asia/Seoul] PHP Warning:  include_once(): Failed opening 'lib/mailer.lib.php' for inclusion (include_path='.:/usr/share/php') in /var/www/imcvp.org/main/common/common.php on line 302
[02-Sep-2024 14:11:34 Asia/Seoul] PHP Warning:  include_once(lib/mailer.lib.php): failed to open stream: No such file or directory in /var/www/imcvp.org/main/common/common.php on line 302
[02-Sep-2024 14:11:34 Asia/Seoul] PHP Warning:  include_once(): Failed opening 'lib/mailer.lib.php' for inclusion (include_path='.:/usr/share/php') in /var/www/imcvp.org/main/common/common.php on line 302
[02-Sep-2024 14:35:22 Asia/Seoul] PHP Warning:  include_once(lib/mailer.lib.php): failed to open stream: No such file or directory in /var/www/imcvp.org/main/common/common.php on line 302
[02-Sep-2024 14:35:22 Asia/Seoul] PHP Warning:  include_once(): Failed opening 'lib/mailer.lib.php' for inclusion (include_path='.:/usr/share/php') in /var/www/imcvp.org/main/common/common.php on line 302
[02-Sep-2024 17:58:33 Asia/Seoul] PHP Warning:  include_once(lib/mailer.lib.php): failed to open stream: No such file or directory in /var/www/imcvp.org/main/common/common.php on line 302
[02-Sep-2024 17:58:33 Asia/Seoul] PHP Warning:  include_once(): Failed opening 'lib/mailer.lib.php' for inclusion (include_path='.:/usr/share/php') in /var/www/imcvp.org/main/common/common.php on line 302
[02-Sep-2024 18:10:12 Asia/Seoul] PHP Warning:  include_once(lib/mailer.lib.php): failed to open stream: No such file or directory in /var/www/imcvp.org/main/common/common.php on line 302
[02-Sep-2024 18:10:12 Asia/Seoul] PHP Warning:  include_once(): Failed opening 'lib/mailer.lib.php' for inclusion (include_path='.:/usr/share/php') in /var/www/imcvp.org/main/common/common.php on line 302
[02-Sep-2024 18:17:19 Asia/Seoul] PHP Warning:  include_once(lib/mailer.lib.php): failed to open stream: No such file or directory in /var/www/imcvp.org/main/common/common.php on line 302
[02-Sep-2024 18:17:19 Asia/Seoul] PHP Warning:  include_once(): Failed opening 'lib/mailer.lib.php' for inclusion (include_path='.:/usr/share/php') in /var/www/imcvp.org/main/common/common.php on line 302
[02-Sep-2024 18:45:32 Asia/Seoul] PHP Warning:  include_once(lib/mailer.lib.php): failed to open stream: No such file or directory in /var/www/imcvp.org/main/common/common.php on line 302
[02-Sep-2024 18:45:32 Asia/Seoul] PHP Warning:  include_once(): Failed opening 'lib/mailer.lib.php' for inclusion (include_path='.:/usr/share/php') in /var/www/imcvp.org/main/common/common.php on line 302
[02-Sep-2024 20:02:52 Asia/Seoul] PHP Warning:  include_once(lib/mailer.lib.php): failed to open stream: No such file or directory in /var/www/imcvp.org/main/common/common.php on line 302
[02-Sep-2024 20:02:52 Asia/Seoul] PHP Warning:  include_once(): Failed opening 'lib/mailer.lib.php' for inclusion (include_path='.:/usr/share/php') in /var/www/imcvp.org/main/common/common.php on line 302
[02-Sep-2024 22:35:24 Asia/Seoul] PHP Warning:  include_once(lib/mailer.lib.php): failed to open stream: No such file or directory in /var/www/imcvp.org/main/common/common.php on line 302
[02-Sep-2024 22:35:24 Asia/Seoul] PHP Warning:  include_once(): Failed opening 'lib/mailer.lib.php' for inclusion (include_path='.:/usr/share/php') in /var/www/imcvp.org/main/common/common.php on line 302
[02-Sep-2024 22:36:06 Asia/Seoul] PHP Warning:  include_once(lib/mailer.lib.php): failed to open stream: No such file or directory in /var/www/imcvp.org/main/common/common.php on line 302
[02-Sep-2024 22:36:06 Asia/Seoul] PHP Warning:  include_once(): Failed opening 'lib/mailer.lib.php' for inclusion (include_path='.:/usr/share/php') in /var/www/imcvp.org/main/common/common.php on line 302
[03-Sep-2024 07:40:26 Asia/Seoul] PHP Warning:  include_once(lib/mailer.lib.php): failed to open stream: No such file or directory in /var/www/imcvp.org/main/common/common.php on line 302
[03-Sep-2024 07:40:26 Asia/Seoul] PHP Warning:  include_once(): Failed opening 'lib/mailer.lib.php' for inclusion (include_path='.:/usr/share/php') in /var/www/imcvp.org/main/common/common.php on line 302
[03-Sep-2024 08:57:21 Asia/Seoul] PHP Warning:  include_once(lib/mailer.lib.php): failed to open stream: No such file or directory in /var/www/imcvp.org/main/common/common.php on line 302
[03-Sep-2024 08:57:21 Asia/Seoul] PHP Warning:  include_once(): Failed opening 'lib/mailer.lib.php' for inclusion (include_path='.:/usr/share/php') in /var/www/imcvp.org/main/common/common.php on line 302
[03-Sep-2024 09:02:09 Asia/Seoul] PHP Warning:  include_once(lib/mailer.lib.php): failed to open stream: No such file or directory in /var/www/imcvp.org/main/common/common.php on line 302
[03-Sep-2024 09:02:09 Asia/Seoul] PHP Warning:  include_once(): Failed opening 'lib/mailer.lib.php' for inclusion (include_path='.:/usr/share/php') in /var/www/imcvp.org/main/common/common.php on line 302
[03-Sep-2024 09:15:27 Asia/Seoul] PHP Warning:  include_once(lib/mailer.lib.php): failed to open stream: No such file or directory in /var/www/imcvp.org/main/common/common.php on line 302
[03-Sep-2024 09:15:27 Asia/Seoul] PHP Warning:  include_once(): Failed opening 'lib/mailer.lib.php' for inclusion (include_path='.:/usr/share/php') in /var/www/imcvp.org/main/common/common.php on line 302
[03-Sep-2024 09:21:05 Asia/Seoul] PHP Warning:  include_once(lib/mailer.lib.php): failed to open stream: No such file or directory in /var/www/imcvp.org/main/common/common.php on line 302
[03-Sep-2024 09:21:05 Asia/Seoul] PHP Warning:  include_once(): Failed opening 'lib/mailer.lib.php' for inclusion (include_path='.:/usr/share/php') in /var/www/imcvp.org/main/common/common.php on line 302
[03-Sep-2024 10:42:05 Asia/Seoul] PHP Warning:  include_once(lib/mailer.lib.php): failed to open stream: No such file or directory in /var/www/imcvp.org/main/common/common.php on line 302
[03-Sep-2024 10:42:05 Asia/Seoul] PHP Warning:  include_once(): Failed opening 'lib/mailer.lib.php' for inclusion (include_path='.:/usr/share/php') in /var/www/imcvp.org/main/common/common.php on line 302
[03-Sep-2024 11:19:59 Asia/Seoul] PHP Warning:  include_once(lib/mailer.lib.php): failed to open stream: No such file or directory in /var/www/imcvp.org/main/common/common.php on line 302
[03-Sep-2024 11:19:59 Asia/Seoul] PHP Warning:  include_once(): Failed opening 'lib/mailer.lib.php' for inclusion (include_path='.:/usr/share/php') in /var/www/imcvp.org/main/common/common.php on line 302
[03-Sep-2024 11:22:45 Asia/Seoul] PHP Warning:  include_once(lib/mailer.lib.php): failed to open stream: No such file or directory in /var/www/imcvp.org/main/common/common.php on line 302
[03-Sep-2024 11:22:45 Asia/Seoul] PHP Warning:  include_once(): Failed opening 'lib/mailer.lib.php' for inclusion (include_path='.:/usr/share/php') in /var/www/imcvp.org/main/common/common.php on line 302
[03-Sep-2024 11:48:00 Asia/Seoul] PHP Warning:  include_once(lib/mailer.lib.php): failed to open stream: No such file or directory in /var/www/imcvp.org/main/common/common.php on line 302
[03-Sep-2024 11:48:00 Asia/Seoul] PHP Warning:  include_once(): Failed opening 'lib/mailer.lib.php' for inclusion (include_path='.:/usr/share/php') in /var/www/imcvp.org/main/common/common.php on line 302
[03-Sep-2024 11:52:24 Asia/Seoul] PHP Warning:  include_once(lib/mailer.lib.php): failed to open stream: No such file or directory in /var/www/imcvp.org/main/common/common.php on line 302
[03-Sep-2024 11:52:24 Asia/Seoul] PHP Warning:  include_once(): Failed opening 'lib/mailer.lib.php' for inclusion (include_path='.:/usr/share/php') in /var/www/imcvp.org/main/common/common.php on line 302
[03-Sep-2024 11:54:02 Asia/Seoul] PHP Warning:  include_once(lib/mailer.lib.php): failed to open stream: No such file or directory in /var/www/imcvp.org/main/common/common.php on line 302
[03-Sep-2024 11:54:02 Asia/Seoul] PHP Warning:  include_once(): Failed opening 'lib/mailer.lib.php' for inclusion (include_path='.:/usr/share/php') in /var/www/imcvp.org/main/common/common.php on line 302
[03-Sep-2024 17:24:56 Asia/Seoul] PHP Warning:  include_once(lib/mailer.lib.php): failed to open stream: No such file or directory in /var/www/imcvp.org/main/common/common.php on line 302
[03-Sep-2024 17:24:56 Asia/Seoul] PHP Warning:  include_once(): Failed opening 'lib/mailer.lib.php' for inclusion (include_path='.:/usr/share/php') in /var/www/imcvp.org/main/common/common.php on line 302
[03-Sep-2024 23:19:12 Asia/Seoul] PHP Warning:  include_once(lib/mailer.lib.php): failed to open stream: No such file or directory in /var/www/imcvp.org/main/common/common.php on line 302
[03-Sep-2024 23:19:12 Asia/Seoul] PHP Warning:  include_once(): Failed opening 'lib/mailer.lib.php' for inclusion (include_path='.:/usr/share/php') in /var/www/imcvp.org/main/common/common.php on line 302
[04-Sep-2024 08:35:17 Asia/Seoul] PHP Warning:  include_once(lib/mailer.lib.php): failed to open stream: No such file or directory in /var/www/imcvp.org/main/common/common.php on line 302
[04-Sep-2024 08:35:17 Asia/Seoul] PHP Warning:  include_once(): Failed opening 'lib/mailer.lib.php' for inclusion (include_path='.:/usr/share/php') in /var/www/imcvp.org/main/common/common.php on line 302
[04-Sep-2024 08:35:23 Asia/Seoul] PHP Warning:  include_once(lib/mailer.lib.php): failed to open stream: No such file or directory in /var/www/imcvp.org/main/common/common.php on line 302
[04-Sep-2024 08:35:23 Asia/Seoul] PHP Warning:  include_once(): Failed opening 'lib/mailer.lib.php' for inclusion (include_path='.:/usr/share/php') in /var/www/imcvp.org/main/common/common.php on line 302
[04-Sep-2024 08:35:24 Asia/Seoul] PHP Warning:  include_once(lib/mailer.lib.php): failed to open stream: No such file or directory in /var/www/imcvp.org/main/common/common.php on line 302
[04-Sep-2024 08:35:24 Asia/Seoul] PHP Warning:  include_once(): Failed opening 'lib/mailer.lib.php' for inclusion (include_path='.:/usr/share/php') in /var/www/imcvp.org/main/common/common.php on line 302
[04-Sep-2024 12:33:30 Asia/Seoul] PHP Warning:  include_once(lib/mailer.lib.php): failed to open stream: No such file or directory in /var/www/imcvp.org/main/common/common.php on line 302
[04-Sep-2024 12:33:30 Asia/Seoul] PHP Warning:  include_once(): Failed opening 'lib/mailer.lib.php' for inclusion (include_path='.:/usr/share/php') in /var/www/imcvp.org/main/common/common.php on line 302
[05-Sep-2024 10:52:48 Asia/Seoul] PHP Warning:  include_once(lib/mailer.lib.php): failed to open stream: No such file or directory in /var/www/imcvp.org/main/common/common.php on line 302
[05-Sep-2024 10:52:48 Asia/Seoul] PHP Warning:  include_once(): Failed opening 'lib/mailer.lib.php' for inclusion (include_path='.:/usr/share/php') in /var/www/imcvp.org/main/common/common.php on line 302
[05-Sep-2024 11:18:29 Asia/Seoul] PHP Warning:  include_once(lib/mailer.lib.php): failed to open stream: No such file or directory in /var/www/imcvp.org/main/common/common.php on line 302
[05-Sep-2024 11:18:29 Asia/Seoul] PHP Warning:  include_once(): Failed opening 'lib/mailer.lib.php' for inclusion (include_path='.:/usr/share/php') in /var/www/imcvp.org/main/common/common.php on line 302
[05-Sep-2024 11:20:09 Asia/Seoul] PHP Warning:  include_once(lib/mailer.lib.php): failed to open stream: No such file or directory in /var/www/imcvp.org/main/common/common.php on line 302
[05-Sep-2024 11:20:09 Asia/Seoul] PHP Warning:  include_once(): Failed opening 'lib/mailer.lib.php' for inclusion (include_path='.:/usr/share/php') in /var/www/imcvp.org/main/common/common.php on line 302
[05-Sep-2024 11:29:25 Asia/Seoul] PHP Warning:  include_once(lib/mailer.lib.php): failed to open stream: No such file or directory in /var/www/imcvp.org/main/common/common.php on line 302
[05-Sep-2024 11:29:25 Asia/Seoul] PHP Warning:  include_once(): Failed opening 'lib/mailer.lib.php' for inclusion (include_path='.:/usr/share/php') in /var/www/imcvp.org/main/common/common.php on line 302
[05-Sep-2024 13:07:46 Asia/Seoul] PHP Warning:  include_once(lib/mailer.lib.php): failed to open stream: No such file or directory in /var/www/imcvp.org/main/common/common.php on line 302
[05-Sep-2024 13:07:46 Asia/Seoul] PHP Warning:  include_once(): Failed opening 'lib/mailer.lib.php' for inclusion (include_path='.:/usr/share/php') in /var/www/imcvp.org/main/common/common.php on line 302
[05-Sep-2024 13:40:22 Asia/Seoul] PHP Warning:  include_once(lib/mailer.lib.php): failed to open stream: No such file or directory in /var/www/imcvp.org/main/common/common.php on line 302
[05-Sep-2024 13:40:22 Asia/Seoul] PHP Warning:  include_once(): Failed opening 'lib/mailer.lib.php' for inclusion (include_path='.:/usr/share/php') in /var/www/imcvp.org/main/common/common.php on line 302
[05-Sep-2024 13:52:41 Asia/Seoul] PHP Warning:  include_once(lib/mailer.lib.php): failed to open stream: No such file or directory in /var/www/imcvp.org/main/common/common.php on line 302
[05-Sep-2024 13:52:41 Asia/Seoul] PHP Warning:  include_once(): Failed opening 'lib/mailer.lib.php' for inclusion (include_path='.:/usr/share/php') in /var/www/imcvp.org/main/common/common.php on line 302
[05-Sep-2024 14:58:18 Asia/Seoul] PHP Warning:  include_once(lib/mailer.lib.php): failed to open stream: No such file or directory in /var/www/imcvp.org/main/common/common.php on line 302
[05-Sep-2024 14:58:18 Asia/Seoul] PHP Warning:  include_once(): Failed opening 'lib/mailer.lib.php' for inclusion (include_path='.:/usr/share/php') in /var/www/imcvp.org/main/common/common.php on line 302
[05-Sep-2024 16:05:03 Asia/Seoul] PHP Warning:  include_once(lib/mailer.lib.php): failed to open stream: No such file or directory in /var/www/imcvp.org/main/common/common.php on line 302
[05-Sep-2024 16:05:03 Asia/Seoul] PHP Warning:  include_once(): Failed opening 'lib/mailer.lib.php' for inclusion (include_path='.:/usr/share/php') in /var/www/imcvp.org/main/common/common.php on line 302
[05-Sep-2024 17:53:05 Asia/Seoul] PHP Warning:  include_once(lib/mailer.lib.php): failed to open stream: No such file or directory in /var/www/imcvp.org/main/common/common.php on line 302
[05-Sep-2024 17:53:05 Asia/Seoul] PHP Warning:  include_once(): Failed opening 'lib/mailer.lib.php' for inclusion (include_path='.:/usr/share/php') in /var/www/imcvp.org/main/common/common.php on line 302
[06-Sep-2024 10:49:31 Asia/Seoul] PHP Warning:  include_once(lib/mailer.lib.php): failed to open stream: No such file or directory in /var/www/imcvp.org/main/common/common.php on line 302
[06-Sep-2024 10:49:31 Asia/Seoul] PHP Warning:  include_once(): Failed opening 'lib/mailer.lib.php' for inclusion (include_path='.:/usr/share/php') in /var/www/imcvp.org/main/common/common.php on line 302
[06-Sep-2024 16:46:21 Asia/Seoul] PHP Warning:  include_once(lib/mailer.lib.php): failed to open stream: No such file or directory in /var/www/imcvp.org/main/common/common.php on line 302
[06-Sep-2024 16:46:21 Asia/Seoul] PHP Warning:  include_once(): Failed opening 'lib/mailer.lib.php' for inclusion (include_path='.:/usr/share/php') in /var/www/imcvp.org/main/common/common.php on line 302
[06-Sep-2024 16:57:41 Asia/Seoul] PHP Warning:  include_once(lib/mailer.lib.php): failed to open stream: No such file or directory in /var/www/imcvp.org/main/common/common.php on line 302
[06-Sep-2024 16:57:41 Asia/Seoul] PHP Warning:  include_once(): Failed opening 'lib/mailer.lib.php' for inclusion (include_path='.:/usr/share/php') in /var/www/imcvp.org/main/common/common.php on line 302
[07-Sep-2024 03:47:38 Asia/Seoul] PHP Warning:  include_once(lib/mailer.lib.php): failed to open stream: No such file or directory in /var/www/imcvp.org/main/common/common.php on line 302
[07-Sep-2024 03:47:38 Asia/Seoul] PHP Warning:  include_once(): Failed opening 'lib/mailer.lib.php' for inclusion (include_path='.:/usr/share/php') in /var/www/imcvp.org/main/common/common.php on line 302
[08-Sep-2024 11:32:48 Asia/Seoul] PHP Warning:  include_once(lib/mailer.lib.php): failed to open stream: No such file or directory in /var/www/imcvp.org/main/common/common.php on line 302
[08-Sep-2024 11:32:48 Asia/Seoul] PHP Warning:  include_once(): Failed opening 'lib/mailer.lib.php' for inclusion (include_path='.:/usr/share/php') in /var/www/imcvp.org/main/common/common.php on line 302
[09-Sep-2024 08:21:11 Asia/Seoul] PHP Warning:  include_once(lib/mailer.lib.php): failed to open stream: No such file or directory in /var/www/imcvp.org/main/common/common.php on line 302
[09-Sep-2024 08:21:11 Asia/Seoul] PHP Warning:  include_once(): Failed opening 'lib/mailer.lib.php' for inclusion (include_path='.:/usr/share/php') in /var/www/imcvp.org/main/common/common.php on line 302
[09-Sep-2024 11:45:43 Asia/Seoul] PHP Warning:  include_once(lib/mailer.lib.php): failed to open stream: No such file or directory in /var/www/imcvp.org/main/common/common.php on line 302
[09-Sep-2024 11:45:43 Asia/Seoul] PHP Warning:  include_once(): Failed opening 'lib/mailer.lib.php' for inclusion (include_path='.:/usr/share/php') in /var/www/imcvp.org/main/common/common.php on line 302
[09-Sep-2024 11:52:21 Asia/Seoul] PHP Warning:  include_once(lib/mailer.lib.php): failed to open stream: No such file or directory in /var/www/imcvp.org/main/common/common.php on line 302
[09-Sep-2024 11:52:21 Asia/Seoul] PHP Warning:  include_once(): Failed opening 'lib/mailer.lib.php' for inclusion (include_path='.:/usr/share/php') in /var/www/imcvp.org/main/common/common.php on line 302
[09-Sep-2024 12:50:13 Asia/Seoul] PHP Warning:  include_once(lib/mailer.lib.php): failed to open stream: No such file or directory in /var/www/imcvp.org/main/common/common.php on line 302
[09-Sep-2024 12:50:13 Asia/Seoul] PHP Warning:  include_once(): Failed opening 'lib/mailer.lib.php' for inclusion (include_path='.:/usr/share/php') in /var/www/imcvp.org/main/common/common.php on line 302
[09-Sep-2024 16:01:07 Asia/Seoul] PHP Warning:  include_once(lib/mailer.lib.php): failed to open stream: No such file or directory in /var/www/imcvp.org/main/common/common.php on line 302
[09-Sep-2024 16:01:07 Asia/Seoul] PHP Warning:  include_once(): Failed opening 'lib/mailer.lib.php' for inclusion (include_path='.:/usr/share/php') in /var/www/imcvp.org/main/common/common.php on line 302
[09-Sep-2024 16:16:24 Asia/Seoul] PHP Warning:  include_once(lib/mailer.lib.php): failed to open stream: No such file or directory in /var/www/imcvp.org/main/common/common.php on line 302
[09-Sep-2024 16:16:24 Asia/Seoul] PHP Warning:  include_once(): Failed opening 'lib/mailer.lib.php' for inclusion (include_path='.:/usr/share/php') in /var/www/imcvp.org/main/common/common.php on line 302
[09-Sep-2024 18:27:01 Asia/Seoul] PHP Warning:  include_once(lib/mailer.lib.php): failed to open stream: No such file or directory in /var/www/imcvp.org/main/common/common.php on line 302
[09-Sep-2024 18:27:01 Asia/Seoul] PHP Warning:  include_once(): Failed opening 'lib/mailer.lib.php' for inclusion (include_path='.:/usr/share/php') in /var/www/imcvp.org/main/common/common.php on line 302
[09-Sep-2024 18:27:22 Asia/Seoul] PHP Warning:  include_once(lib/mailer.lib.php): failed to open stream: No such file or directory in /var/www/imcvp.org/main/common/common.php on line 302
[09-Sep-2024 18:27:22 Asia/Seoul] PHP Warning:  include_once(): Failed opening 'lib/mailer.lib.php' for inclusion (include_path='.:/usr/share/php') in /var/www/imcvp.org/main/common/common.php on line 302
[10-Sep-2024 08:28:17 Asia/Seoul] PHP Warning:  include_once(lib/mailer.lib.php): failed to open stream: No such file or directory in /var/www/imcvp.org/main/common/common.php on line 302
[10-Sep-2024 08:28:17 Asia/Seoul] PHP Warning:  include_once(): Failed opening 'lib/mailer.lib.php' for inclusion (include_path='.:/usr/share/php') in /var/www/imcvp.org/main/common/common.php on line 302
[10-Sep-2024 08:28:19 Asia/Seoul] PHP Warning:  include_once(lib/mailer.lib.php): failed to open stream: No such file or directory in /var/www/imcvp.org/main/common/common.php on line 302
[10-Sep-2024 08:28:19 Asia/Seoul] PHP Warning:  include_once(): Failed opening 'lib/mailer.lib.php' for inclusion (include_path='.:/usr/share/php') in /var/www/imcvp.org/main/common/common.php on line 302
[10-Sep-2024 08:51:35 Asia/Seoul] PHP Warning:  include_once(lib/mailer.lib.php): failed to open stream: No such file or directory in /var/www/imcvp.org/main/common/common.php on line 302
[10-Sep-2024 08:51:35 Asia/Seoul] PHP Warning:  include_once(): Failed opening 'lib/mailer.lib.php' for inclusion (include_path='.:/usr/share/php') in /var/www/imcvp.org/main/common/common.php on line 302
[10-Sep-2024 09:25:38 Asia/Seoul] PHP Warning:  include_once(lib/mailer.lib.php): failed to open stream: No such file or directory in /var/www/imcvp.org/main/common/common.php on line 302
[10-Sep-2024 09:25:38 Asia/Seoul] PHP Warning:  include_once(): Failed opening 'lib/mailer.lib.php' for inclusion (include_path='.:/usr/share/php') in /var/www/imcvp.org/main/common/common.php on line 302
[10-Sep-2024 09:26:29 Asia/Seoul] PHP Warning:  include_once(lib/mailer.lib.php): failed to open stream: No such file or directory in /var/www/imcvp.org/main/common/common.php on line 302
[10-Sep-2024 09:26:29 Asia/Seoul] PHP Warning:  include_once(): Failed opening 'lib/mailer.lib.php' for inclusion (include_path='.:/usr/share/php') in /var/www/imcvp.org/main/common/common.php on line 302
[10-Sep-2024 13:32:15 Asia/Seoul] PHP Warning:  include_once(lib/mailer.lib.php): failed to open stream: No such file or directory in /var/www/imcvp.org/main/common/common.php on line 302
[10-Sep-2024 13:32:15 Asia/Seoul] PHP Warning:  include_once(): Failed opening 'lib/mailer.lib.php' for inclusion (include_path='.:/usr/share/php') in /var/www/imcvp.org/main/common/common.php on line 302
[10-Sep-2024 14:08:30 Asia/Seoul] PHP Warning:  include_once(lib/mailer.lib.php): failed to open stream: No such file or directory in /var/www/imcvp.org/main/common/common.php on line 302
[10-Sep-2024 14:08:30 Asia/Seoul] PHP Warning:  include_once(): Failed opening 'lib/mailer.lib.php' for inclusion (include_path='.:/usr/share/php') in /var/www/imcvp.org/main/common/common.php on line 302
[10-Sep-2024 14:32:59 Asia/Seoul] PHP Warning:  include_once(lib/mailer.lib.php): failed to open stream: No such file or directory in /var/www/imcvp.org/main/common/common.php on line 302
[10-Sep-2024 14:32:59 Asia/Seoul] PHP Warning:  include_once(): Failed opening 'lib/mailer.lib.php' for inclusion (include_path='.:/usr/share/php') in /var/www/imcvp.org/main/common/common.php on line 302
[10-Sep-2024 14:42:17 Asia/Seoul] PHP Warning:  include_once(lib/mailer.lib.php): failed to open stream: No such file or directory in /var/www/imcvp.org/main/common/common.php on line 302
[10-Sep-2024 14:42:17 Asia/Seoul] PHP Warning:  include_once(): Failed opening 'lib/mailer.lib.php' for inclusion (include_path='.:/usr/share/php') in /var/www/imcvp.org/main/common/common.php on line 302
[10-Sep-2024 15:14:47 Asia/Seoul] PHP Warning:  include_once(lib/mailer.lib.php): failed to open stream: No such file or directory in /var/www/imcvp.org/main/common/common.php on line 302
[10-Sep-2024 15:14:47 Asia/Seoul] PHP Warning:  include_once(): Failed opening 'lib/mailer.lib.php' for inclusion (include_path='.:/usr/share/php') in /var/www/imcvp.org/main/common/common.php on line 302
[10-Sep-2024 16:03:56 Asia/Seoul] PHP Warning:  include_once(lib/mailer.lib.php): failed to open stream: No such file or directory in /var/www/imcvp.org/main/common/common.php on line 302
[10-Sep-2024 16:03:56 Asia/Seoul] PHP Warning:  include_once(): Failed opening 'lib/mailer.lib.php' for inclusion (include_path='.:/usr/share/php') in /var/www/imcvp.org/main/common/common.php on line 302
[10-Sep-2024 16:07:41 Asia/Seoul] PHP Warning:  include_once(lib/mailer.lib.php): failed to open stream: No such file or directory in /var/www/imcvp.org/main/common/common.php on line 302
[10-Sep-2024 16:07:41 Asia/Seoul] PHP Warning:  include_once(): Failed opening 'lib/mailer.lib.php' for inclusion (include_path='.:/usr/share/php') in /var/www/imcvp.org/main/common/common.php on line 302
[10-Sep-2024 16:07:59 Asia/Seoul] PHP Warning:  include_once(lib/mailer.lib.php): failed to open stream: No such file or directory in /var/www/imcvp.org/main/common/common.php on line 302
[10-Sep-2024 16:07:59 Asia/Seoul] PHP Warning:  include_once(): Failed opening 'lib/mailer.lib.php' for inclusion (include_path='.:/usr/share/php') in /var/www/imcvp.org/main/common/common.php on line 302
[10-Sep-2024 16:32:46 Asia/Seoul] PHP Warning:  include_once(lib/mailer.lib.php): failed to open stream: No such file or directory in /var/www/imcvp.org/main/common/common.php on line 302
[10-Sep-2024 16:32:46 Asia/Seoul] PHP Warning:  include_once(): Failed opening 'lib/mailer.lib.php' for inclusion (include_path='.:/usr/share/php') in /var/www/imcvp.org/main/common/common.php on line 302
[10-Sep-2024 17:53:30 Asia/Seoul] PHP Warning:  include_once(lib/mailer.lib.php): failed to open stream: No such file or directory in /var/www/imcvp.org/main/common/common.php on line 302
[10-Sep-2024 17:53:30 Asia/Seoul] PHP Warning:  include_once(): Failed opening 'lib/mailer.lib.php' for inclusion (include_path='.:/usr/share/php') in /var/www/imcvp.org/main/common/common.php on line 302
[10-Sep-2024 21:18:23 Asia/Seoul] PHP Warning:  include_once(lib/mailer.lib.php): failed to open stream: No such file or directory in /var/www/imcvp.org/main/common/common.php on line 302
[10-Sep-2024 21:18:23 Asia/Seoul] PHP Warning:  include_once(): Failed opening 'lib/mailer.lib.php' for inclusion (include_path='.:/usr/share/php') in /var/www/imcvp.org/main/common/common.php on line 302
[10-Sep-2024 23:13:43 Asia/Seoul] PHP Warning:  include_once(lib/mailer.lib.php): failed to open stream: No such file or directory in /var/www/imcvp.org/main/common/common.php on line 302
[10-Sep-2024 23:13:43 Asia/Seoul] PHP Warning:  include_once(): Failed opening 'lib/mailer.lib.php' for inclusion (include_path='.:/usr/share/php') in /var/www/imcvp.org/main/common/common.php on line 302
[11-Sep-2024 05:39:00 Asia/Seoul] PHP Warning:  include_once(lib/mailer.lib.php): failed to open stream: No such file or directory in /var/www/imcvp.org/main/common/common.php on line 302
[11-Sep-2024 05:39:00 Asia/Seoul] PHP Warning:  include_once(): Failed opening 'lib/mailer.lib.php' for inclusion (include_path='.:/usr/share/php') in /var/www/imcvp.org/main/common/common.php on line 302
[11-Sep-2024 06:32:10 Asia/Seoul] PHP Warning:  include_once(lib/mailer.lib.php): failed to open stream: No such file or directory in /var/www/imcvp.org/main/common/common.php on line 302
[11-Sep-2024 06:32:10 Asia/Seoul] PHP Warning:  include_once(): Failed opening 'lib/mailer.lib.php' for inclusion (include_path='.:/usr/share/php') in /var/www/imcvp.org/main/common/common.php on line 302
[11-Sep-2024 08:44:53 Asia/Seoul] PHP Warning:  include_once(lib/mailer.lib.php): failed to open stream: No such file or directory in /var/www/imcvp.org/main/common/common.php on line 302
[11-Sep-2024 08:44:53 Asia/Seoul] PHP Warning:  include_once(): Failed opening 'lib/mailer.lib.php' for inclusion (include_path='.:/usr/share/php') in /var/www/imcvp.org/main/common/common.php on line 302
[11-Sep-2024 09:24:42 Asia/Seoul] PHP Warning:  include_once(lib/mailer.lib.php): failed to open stream: No such file or directory in /var/www/imcvp.org/main/common/common.php on line 302
[11-Sep-2024 09:24:42 Asia/Seoul] PHP Warning:  include_once(): Failed opening 'lib/mailer.lib.php' for inclusion (include_path='.:/usr/share/php') in /var/www/imcvp.org/main/common/common.php on line 302
[11-Sep-2024 10:54:18 Asia/Seoul] PHP Warning:  include_once(lib/mailer.lib.php): failed to open stream: No such file or directory in /var/www/imcvp.org/main/common/common.php on line 302
[11-Sep-2024 10:54:18 Asia/Seoul] PHP Warning:  include_once(): Failed opening 'lib/mailer.lib.php' for inclusion (include_path='.:/usr/share/php') in /var/www/imcvp.org/main/common/common.php on line 302
[11-Sep-2024 11:03:02 Asia/Seoul] PHP Warning:  include_once(lib/mailer.lib.php): failed to open stream: No such file or directory in /var/www/imcvp.org/main/common/common.php on line 302
[11-Sep-2024 11:03:02 Asia/Seoul] PHP Warning:  include_once(): Failed opening 'lib/mailer.lib.php' for inclusion (include_path='.:/usr/share/php') in /var/www/imcvp.org/main/common/common.php on line 302
[11-Sep-2024 12:59:40 Asia/Seoul] PHP Warning:  include_once(lib/mailer.lib.php): failed to open stream: No such file or directory in /var/www/imcvp.org/main/common/common.php on line 302
[11-Sep-2024 12:59:40 Asia/Seoul] PHP Warning:  include_once(): Failed opening 'lib/mailer.lib.php' for inclusion (include_path='.:/usr/share/php') in /var/www/imcvp.org/main/common/common.php on line 302
[11-Sep-2024 13:07:16 Asia/Seoul] PHP Warning:  include_once(lib/mailer.lib.php): failed to open stream: No such file or directory in /var/www/imcvp.org/main/common/common.php on line 302
[11-Sep-2024 13:07:16 Asia/Seoul] PHP Warning:  include_once(): Failed opening 'lib/mailer.lib.php' for inclusion (include_path='.:/usr/share/php') in /var/www/imcvp.org/main/common/common.php on line 302
[11-Sep-2024 13:07:41 Asia/Seoul] PHP Warning:  include_once(lib/mailer.lib.php): failed to open stream: No such file or directory in /var/www/imcvp.org/main/common/common.php on line 302
[11-Sep-2024 13:07:41 Asia/Seoul] PHP Warning:  include_once(): Failed opening 'lib/mailer.lib.php' for inclusion (include_path='.:/usr/share/php') in /var/www/imcvp.org/main/common/common.php on line 302
[11-Sep-2024 13:08:03 Asia/Seoul] PHP Warning:  include_once(lib/mailer.lib.php): failed to open stream: No such file or directory in /var/www/imcvp.org/main/common/common.php on line 302
[11-Sep-2024 13:08:03 Asia/Seoul] PHP Warning:  include_once(): Failed opening 'lib/mailer.lib.php' for inclusion (include_path='.:/usr/share/php') in /var/www/imcvp.org/main/common/common.php on line 302
[11-Sep-2024 13:08:42 Asia/Seoul] PHP Warning:  include_once(lib/mailer.lib.php): failed to open stream: No such file or directory in /var/www/imcvp.org/main/common/common.php on line 302
[11-Sep-2024 13:08:42 Asia/Seoul] PHP Warning:  include_once(): Failed opening 'lib/mailer.lib.php' for inclusion (include_path='.:/usr/share/php') in /var/www/imcvp.org/main/common/common.php on line 302
[11-Sep-2024 13:13:13 Asia/Seoul] PHP Warning:  include_once(lib/mailer.lib.php): failed to open stream: No such file or directory in /var/www/imcvp.org/main/common/common.php on line 302
[11-Sep-2024 13:13:13 Asia/Seoul] PHP Warning:  include_once(): Failed opening 'lib/mailer.lib.php' for inclusion (include_path='.:/usr/share/php') in /var/www/imcvp.org/main/common/common.php on line 302
[11-Sep-2024 13:15:41 Asia/Seoul] PHP Warning:  include_once(lib/mailer.lib.php): failed to open stream: No such file or directory in /var/www/imcvp.org/main/common/common.php on line 302
[11-Sep-2024 13:15:41 Asia/Seoul] PHP Warning:  include_once(): Failed opening 'lib/mailer.lib.php' for inclusion (include_path='.:/usr/share/php') in /var/www/imcvp.org/main/common/common.php on line 302
[11-Sep-2024 17:07:09 Asia/Seoul] PHP Warning:  include_once(lib/mailer.lib.php): failed to open stream: No such file or directory in /var/www/imcvp.org/main/common/common.php on line 302
[11-Sep-2024 17:07:09 Asia/Seoul] PHP Warning:  include_once(): Failed opening 'lib/mailer.lib.php' for inclusion (include_path='.:/usr/share/php') in /var/www/imcvp.org/main/common/common.php on line 302
[11-Sep-2024 20:43:56 Asia/Seoul] PHP Warning:  include_once(lib/mailer.lib.php): failed to open stream: No such file or directory in /var/www/imcvp.org/main/common/common.php on line 302
[11-Sep-2024 20:43:56 Asia/Seoul] PHP Warning:  include_once(): Failed opening 'lib/mailer.lib.php' for inclusion (include_path='.:/usr/share/php') in /var/www/imcvp.org/main/common/common.php on line 302
[11-Sep-2024 22:31:04 Asia/Seoul] PHP Warning:  include_once(lib/mailer.lib.php): failed to open stream: No such file or directory in /var/www/imcvp.org/main/common/common.php on line 302
[11-Sep-2024 22:31:04 Asia/Seoul] PHP Warning:  include_once(): Failed opening 'lib/mailer.lib.php' for inclusion (include_path='.:/usr/share/php') in /var/www/imcvp.org/main/common/common.php on line 302
[12-Sep-2024 05:51:10 Asia/Seoul] PHP Warning:  include_once(lib/mailer.lib.php): failed to open stream: No such file or directory in /var/www/imcvp.org/main/common/common.php on line 302
[12-Sep-2024 05:51:10 Asia/Seoul] PHP Warning:  include_once(): Failed opening 'lib/mailer.lib.php' for inclusion (include_path='.:/usr/share/php') in /var/www/imcvp.org/main/common/common.php on line 302
[12-Sep-2024 07:17:06 Asia/Seoul] PHP Warning:  include_once(lib/mailer.lib.php): failed to open stream: No such file or directory in /var/www/imcvp.org/main/common/common.php on line 302
[12-Sep-2024 07:17:06 Asia/Seoul] PHP Warning:  include_once(): Failed opening 'lib/mailer.lib.php' for inclusion (include_path='.:/usr/share/php') in /var/www/imcvp.org/main/common/common.php on line 302
[12-Sep-2024 09:56:23 Asia/Seoul] PHP Warning:  include_once(lib/mailer.lib.php): failed to open stream: No such file or directory in /var/www/imcvp.org/main/common/common.php on line 302
[12-Sep-2024 09:56:23 Asia/Seoul] PHP Warning:  include_once(): Failed opening 'lib/mailer.lib.php' for inclusion (include_path='.:/usr/share/php') in /var/www/imcvp.org/main/common/common.php on line 302
[12-Sep-2024 13:33:56 Asia/Seoul] PHP Warning:  include_once(lib/mailer.lib.php): failed to open stream: No such file or directory in /var/www/imcvp.org/main/common/common.php on line 302
[12-Sep-2024 13:33:56 Asia/Seoul] PHP Warning:  include_once(): Failed opening 'lib/mailer.lib.php' for inclusion (include_path='.:/usr/share/php') in /var/www/imcvp.org/main/common/common.php on line 302
[12-Sep-2024 13:38:42 Asia/Seoul] PHP Warning:  include_once(lib/mailer.lib.php): failed to open stream: No such file or directory in /var/www/imcvp.org/main/common/common.php on line 302
[12-Sep-2024 13:38:42 Asia/Seoul] PHP Warning:  include_once(): Failed opening 'lib/mailer.lib.php' for inclusion (include_path='.:/usr/share/php') in /var/www/imcvp.org/main/common/common.php on line 302
[12-Sep-2024 15:52:25 Asia/Seoul] PHP Warning:  include_once(lib/mailer.lib.php): failed to open stream: No such file or directory in /var/www/imcvp.org/main/common/common.php on line 302
[12-Sep-2024 15:52:25 Asia/Seoul] PHP Warning:  include_once(): Failed opening 'lib/mailer.lib.php' for inclusion (include_path='.:/usr/share/php') in /var/www/imcvp.org/main/common/common.php on line 302
[12-Sep-2024 19:00:33 Asia/Seoul] PHP Warning:  include_once(lib/mailer.lib.php): failed to open stream: No such file or directory in /var/www/imcvp.org/main/common/common.php on line 302
[12-Sep-2024 19:00:33 Asia/Seoul] PHP Warning:  include_once(): Failed opening 'lib/mailer.lib.php' for inclusion (include_path='.:/usr/share/php') in /var/www/imcvp.org/main/common/common.php on line 302
[12-Sep-2024 19:36:03 Asia/Seoul] PHP Warning:  include_once(lib/mailer.lib.php): failed to open stream: No such file or directory in /var/www/imcvp.org/main/common/common.php on line 302
[12-Sep-2024 19:36:03 Asia/Seoul] PHP Warning:  include_once(): Failed opening 'lib/mailer.lib.php' for inclusion (include_path='.:/usr/share/php') in /var/www/imcvp.org/main/common/common.php on line 302
[13-Sep-2024 13:54:47 Asia/Seoul] PHP Warning:  include_once(lib/mailer.lib.php): failed to open stream: No such file or directory in /var/www/imcvp.org/main/common/common.php on line 302
[13-Sep-2024 13:54:47 Asia/Seoul] PHP Warning:  include_once(): Failed opening 'lib/mailer.lib.php' for inclusion (include_path='.:/usr/share/php') in /var/www/imcvp.org/main/common/common.php on line 302
[13-Sep-2024 13:56:06 Asia/Seoul] PHP Warning:  include_once(lib/mailer.lib.php): failed to open stream: No such file or directory in /var/www/imcvp.org/main/common/common.php on line 302
[13-Sep-2024 13:56:06 Asia/Seoul] PHP Warning:  include_once(): Failed opening 'lib/mailer.lib.php' for inclusion (include_path='.:/usr/share/php') in /var/www/imcvp.org/main/common/common.php on line 302
[13-Sep-2024 15:18:50 Asia/Seoul] PHP Warning:  include_once(lib/mailer.lib.php): failed to open stream: No such file or directory in /var/www/imcvp.org/main/common/common.php on line 302
[13-Sep-2024 15:18:50 Asia/Seoul] PHP Warning:  include_once(): Failed opening 'lib/mailer.lib.php' for inclusion (include_path='.:/usr/share/php') in /var/www/imcvp.org/main/common/common.php on line 302
[13-Sep-2024 15:25:02 Asia/Seoul] PHP Warning:  include_once(lib/mailer.lib.php): failed to open stream: No such file or directory in /var/www/imcvp.org/main/common/common.php on line 302
[13-Sep-2024 15:25:02 Asia/Seoul] PHP Warning:  include_once(): Failed opening 'lib/mailer.lib.php' for inclusion (include_path='.:/usr/share/php') in /var/www/imcvp.org/main/common/common.php on line 302
[14-Sep-2024 05:21:37 Asia/Seoul] PHP Warning:  include_once(lib/mailer.lib.php): failed to open stream: No such file or directory in /var/www/imcvp.org/main/common/common.php on line 302
[14-Sep-2024 05:21:37 Asia/Seoul] PHP Warning:  include_once(): Failed opening 'lib/mailer.lib.php' for inclusion (include_path='.:/usr/share/php') in /var/www/imcvp.org/main/common/common.php on line 302
[15-Sep-2024 15:47:00 Asia/Seoul] PHP Warning:  include_once(lib/mailer.lib.php): failed to open stream: No such file or directory in /var/www/imcvp.org/main/common/common.php on line 302
[15-Sep-2024 15:47:00 Asia/Seoul] PHP Warning:  include_once(): Failed opening 'lib/mailer.lib.php' for inclusion (include_path='.:/usr/share/php') in /var/www/imcvp.org/main/common/common.php on line 302
[16-Sep-2024 12:16:38 Asia/Seoul] PHP Warning:  include_once(lib/mailer.lib.php): failed to open stream: No such file or directory in /var/www/imcvp.org/main/common/common.php on line 302
[16-Sep-2024 12:16:38 Asia/Seoul] PHP Warning:  include_once(): Failed opening 'lib/mailer.lib.php' for inclusion (include_path='.:/usr/share/php') in /var/www/imcvp.org/main/common/common.php on line 302
[16-Sep-2024 20:52:21 Asia/Seoul] PHP Warning:  include_once(lib/mailer.lib.php): failed to open stream: No such file or directory in /var/www/imcvp.org/main/common/common.php on line 302
[16-Sep-2024 20:52:21 Asia/Seoul] PHP Warning:  include_once(): Failed opening 'lib/mailer.lib.php' for inclusion (include_path='.:/usr/share/php') in /var/www/imcvp.org/main/common/common.php on line 302
[17-Sep-2024 18:25:44 Asia/Seoul] PHP Warning:  include_once(lib/mailer.lib.php): failed to open stream: No such file or directory in /var/www/imcvp.org/main/common/common.php on line 302
[17-Sep-2024 18:25:44 Asia/Seoul] PHP Warning:  include_once(): Failed opening 'lib/mailer.lib.php' for inclusion (include_path='.:/usr/share/php') in /var/www/imcvp.org/main/common/common.php on line 302
[18-Sep-2024 10:23:11 Asia/Seoul] PHP Warning:  include_once(lib/mailer.lib.php): failed to open stream: No such file or directory in /var/www/imcvp.org/main/common/common.php on line 302
[18-Sep-2024 10:23:11 Asia/Seoul] PHP Warning:  include_once(): Failed opening 'lib/mailer.lib.php' for inclusion (include_path='.:/usr/share/php') in /var/www/imcvp.org/main/common/common.php on line 302
[19-Sep-2024 10:11:24 Asia/Seoul] PHP Warning:  include_once(lib/mailer.lib.php): failed to open stream: No such file or directory in /var/www/imcvp.org/main/common/common.php on line 302
[19-Sep-2024 10:11:24 Asia/Seoul] PHP Warning:  include_once(): Failed opening 'lib/mailer.lib.php' for inclusion (include_path='.:/usr/share/php') in /var/www/imcvp.org/main/common/common.php on line 302
[19-Sep-2024 20:04:11 Asia/Seoul] PHP Warning:  include_once(lib/mailer.lib.php): failed to open stream: No such file or directory in /var/www/imcvp.org/main/common/common.php on line 302
[19-Sep-2024 20:04:11 Asia/Seoul] PHP Warning:  include_once(): Failed opening 'lib/mailer.lib.php' for inclusion (include_path='.:/usr/share/php') in /var/www/imcvp.org/main/common/common.php on line 302
[19-Sep-2024 21:40:04 Asia/Seoul] PHP Warning:  include_once(lib/mailer.lib.php): failed to open stream: No such file or directory in /var/www/imcvp.org/main/common/common.php on line 302
[19-Sep-2024 21:40:04 Asia/Seoul] PHP Warning:  include_once(): Failed opening 'lib/mailer.lib.php' for inclusion (include_path='.:/usr/share/php') in /var/www/imcvp.org/main/common/common.php on line 302
[20-Sep-2024 10:11:31 Asia/Seoul] PHP Warning:  include_once(lib/mailer.lib.php): failed to open stream: No such file or directory in /var/www/imcvp.org/main/common/common.php on line 302
[20-Sep-2024 10:11:31 Asia/Seoul] PHP Warning:  include_once(): Failed opening 'lib/mailer.lib.php' for inclusion (include_path='.:/usr/share/php') in /var/www/imcvp.org/main/common/common.php on line 302
[20-Sep-2024 10:14:11 Asia/Seoul] PHP Warning:  include_once(lib/mailer.lib.php): failed to open stream: No such file or directory in /var/www/imcvp.org/main/common/common.php on line 302
[20-Sep-2024 10:14:11 Asia/Seoul] PHP Warning:  include_once(): Failed opening 'lib/mailer.lib.php' for inclusion (include_path='.:/usr/share/php') in /var/www/imcvp.org/main/common/common.php on line 302
[20-Sep-2024 10:21:26 Asia/Seoul] PHP Warning:  include_once(lib/mailer.lib.php): failed to open stream: No such file or directory in /var/www/imcvp.org/main/common/common.php on line 302
[20-Sep-2024 10:21:26 Asia/Seoul] PHP Warning:  include_once(): Failed opening 'lib/mailer.lib.php' for inclusion (include_path='.:/usr/share/php') in /var/www/imcvp.org/main/common/common.php on line 302
[20-Sep-2024 13:46:40 Asia/Seoul] PHP Warning:  include_once(lib/mailer.lib.php): failed to open stream: No such file or directory in /var/www/imcvp.org/main/common/common.php on line 302
[20-Sep-2024 13:46:40 Asia/Seoul] PHP Warning:  include_once(): Failed opening 'lib/mailer.lib.php' for inclusion (include_path='.:/usr/share/php') in /var/www/imcvp.org/main/common/common.php on line 302
[20-Sep-2024 23:00:39 Asia/Seoul] PHP Warning:  include_once(lib/mailer.lib.php): failed to open stream: No such file or directory in /var/www/imcvp.org/main/common/common.php on line 302
[20-Sep-2024 23:00:39 Asia/Seoul] PHP Warning:  include_once(): Failed opening 'lib/mailer.lib.php' for inclusion (include_path='.:/usr/share/php') in /var/www/imcvp.org/main/common/common.php on line 302
[21-Sep-2024 11:14:11 Asia/Seoul] PHP Warning:  include_once(lib/mailer.lib.php): failed to open stream: No such file or directory in /var/www/imcvp.org/main/common/common.php on line 302
[21-Sep-2024 11:14:11 Asia/Seoul] PHP Warning:  include_once(): Failed opening 'lib/mailer.lib.php' for inclusion (include_path='.:/usr/share/php') in /var/www/imcvp.org/main/common/common.php on line 302
[22-Sep-2024 21:50:09 Asia/Seoul] PHP Warning:  include_once(lib/mailer.lib.php): failed to open stream: No such file or directory in /var/www/imcvp.org/main/common/common.php on line 302
[22-Sep-2024 21:50:09 Asia/Seoul] PHP Warning:  include_once(): Failed opening 'lib/mailer.lib.php' for inclusion (include_path='.:/usr/share/php') in /var/www/imcvp.org/main/common/common.php on line 302
[22-Sep-2024 22:02:12 Asia/Seoul] PHP Warning:  include_once(lib/mailer.lib.php): failed to open stream: No such file or directory in /var/www/imcvp.org/main/common/common.php on line 302
[22-Sep-2024 22:02:12 Asia/Seoul] PHP Warning:  include_once(): Failed opening 'lib/mailer.lib.php' for inclusion (include_path='.:/usr/share/php') in /var/www/imcvp.org/main/common/common.php on line 302
[22-Sep-2024 22:10:46 Asia/Seoul] PHP Warning:  include_once(lib/mailer.lib.php): failed to open stream: No such file or directory in /var/www/imcvp.org/main/common/common.php on line 302
[22-Sep-2024 22:10:46 Asia/Seoul] PHP Warning:  include_once(): Failed opening 'lib/mailer.lib.php' for inclusion (include_path='.:/usr/share/php') in /var/www/imcvp.org/main/common/common.php on line 302
[22-Sep-2024 22:33:57 Asia/Seoul] PHP Warning:  include_once(lib/mailer.lib.php): failed to open stream: No such file or directory in /var/www/imcvp.org/main/common/common.php on line 302
[22-Sep-2024 22:33:57 Asia/Seoul] PHP Warning:  include_once(): Failed opening 'lib/mailer.lib.php' for inclusion (include_path='.:/usr/share/php') in /var/www/imcvp.org/main/common/common.php on line 302
[22-Sep-2024 23:29:49 Asia/Seoul] PHP Warning:  include_once(lib/mailer.lib.php): failed to open stream: No such file or directory in /var/www/imcvp.org/main/common/common.php on line 302
[22-Sep-2024 23:29:49 Asia/Seoul] PHP Warning:  include_once(): Failed opening 'lib/mailer.lib.php' for inclusion (include_path='.:/usr/share/php') in /var/www/imcvp.org/main/common/common.php on line 302
[22-Sep-2024 23:43:14 Asia/Seoul] PHP Warning:  include_once(lib/mailer.lib.php): failed to open stream: No such file or directory in /var/www/imcvp.org/main/common/common.php on line 302
[22-Sep-2024 23:43:14 Asia/Seoul] PHP Warning:  include_once(): Failed opening 'lib/mailer.lib.php' for inclusion (include_path='.:/usr/share/php') in /var/www/imcvp.org/main/common/common.php on line 302
[23-Sep-2024 00:04:00 Asia/Seoul] PHP Warning:  include_once(lib/mailer.lib.php): failed to open stream: No such file or directory in /var/www/imcvp.org/main/common/common.php on line 302
[23-Sep-2024 00:04:00 Asia/Seoul] PHP Warning:  include_once(): Failed opening 'lib/mailer.lib.php' for inclusion (include_path='.:/usr/share/php') in /var/www/imcvp.org/main/common/common.php on line 302
[23-Sep-2024 15:38:19 Asia/Seoul] PHP Warning:  include_once(lib/mailer.lib.php): failed to open stream: No such file or directory in /var/www/imcvp.org/main/common/common.php on line 302
[23-Sep-2024 15:38:19 Asia/Seoul] PHP Warning:  include_once(): Failed opening 'lib/mailer.lib.php' for inclusion (include_path='.:/usr/share/php') in /var/www/imcvp.org/main/common/common.php on line 302
[23-Sep-2024 23:22:14 Asia/Seoul] PHP Warning:  include_once(lib/mailer.lib.php): failed to open stream: No such file or directory in /var/www/imcvp.org/main/common/common.php on line 302
[23-Sep-2024 23:22:14 Asia/Seoul] PHP Warning:  include_once(): Failed opening 'lib/mailer.lib.php' for inclusion (include_path='.:/usr/share/php') in /var/www/imcvp.org/main/common/common.php on line 302
[24-Sep-2024 08:24:27 Asia/Seoul] PHP Warning:  include_once(lib/mailer.lib.php): failed to open stream: No such file or directory in /var/www/imcvp.org/main/common/common.php on line 302
[24-Sep-2024 08:24:27 Asia/Seoul] PHP Warning:  include_once(): Failed opening 'lib/mailer.lib.php' for inclusion (include_path='.:/usr/share/php') in /var/www/imcvp.org/main/common/common.php on line 302
[25-Sep-2024 11:25:35 Asia/Seoul] PHP Warning:  include_once(lib/mailer.lib.php): failed to open stream: No such file or directory in /var/www/imcvp.org/main/common/common.php on line 302
[25-Sep-2024 11:25:35 Asia/Seoul] PHP Warning:  include_once(): Failed opening 'lib/mailer.lib.php' for inclusion (include_path='.:/usr/share/php') in /var/www/imcvp.org/main/common/common.php on line 302
[25-Sep-2024 15:44:47 Asia/Seoul] PHP Warning:  include_once(lib/mailer.lib.php): failed to open stream: No such file or directory in /var/www/imcvp.org/main/common/common.php on line 302
[25-Sep-2024 15:44:47 Asia/Seoul] PHP Warning:  include_once(): Failed opening 'lib/mailer.lib.php' for inclusion (include_path='.:/usr/share/php') in /var/www/imcvp.org/main/common/common.php on line 302
[26-Sep-2024 10:20:58 Asia/Seoul] PHP Warning:  include_once(lib/mailer.lib.php): failed to open stream: No such file or directory in /var/www/imcvp.org/main/common/common.php on line 302
[26-Sep-2024 10:20:58 Asia/Seoul] PHP Warning:  include_once(): Failed opening 'lib/mailer.lib.php' for inclusion (include_path='.:/usr/share/php') in /var/www/imcvp.org/main/common/common.php on line 302
[26-Sep-2024 10:40:54 Asia/Seoul] PHP Warning:  include_once(lib/mailer.lib.php): failed to open stream: No such file or directory in /var/www/imcvp.org/main/common/common.php on line 302
[26-Sep-2024 10:40:54 Asia/Seoul] PHP Warning:  include_once(): Failed opening 'lib/mailer.lib.php' for inclusion (include_path='.:/usr/share/php') in /var/www/imcvp.org/main/common/common.php on line 302
[26-Sep-2024 14:34:21 Asia/Seoul] PHP Warning:  include_once(lib/mailer.lib.php): failed to open stream: No such file or directory in /var/www/imcvp.org/main/common/common.php on line 302
[26-Sep-2024 14:34:21 Asia/Seoul] PHP Warning:  include_once(): Failed opening 'lib/mailer.lib.php' for inclusion (include_path='.:/usr/share/php') in /var/www/imcvp.org/main/common/common.php on line 302
[26-Sep-2024 14:35:53 Asia/Seoul] PHP Warning:  include_once(lib/mailer.lib.php): failed to open stream: No such file or directory in /var/www/imcvp.org/main/common/common.php on line 302
[26-Sep-2024 14:35:53 Asia/Seoul] PHP Warning:  include_once(): Failed opening 'lib/mailer.lib.php' for inclusion (include_path='.:/usr/share/php') in /var/www/imcvp.org/main/common/common.php on line 302
[26-Sep-2024 18:54:19 Asia/Seoul] PHP Warning:  include_once(lib/mailer.lib.php): failed to open stream: No such file or directory in /var/www/imcvp.org/main/common/common.php on line 302
[26-Sep-2024 18:54:19 Asia/Seoul] PHP Warning:  include_once(): Failed opening 'lib/mailer.lib.php' for inclusion (include_path='.:/usr/share/php') in /var/www/imcvp.org/main/common/common.php on line 302
[26-Sep-2024 18:57:28 Asia/Seoul] PHP Warning:  include_once(lib/mailer.lib.php): failed to open stream: No such file or directory in /var/www/imcvp.org/main/common/common.php on line 302
[26-Sep-2024 18:57:28 Asia/Seoul] PHP Warning:  include_once(): Failed opening 'lib/mailer.lib.php' for inclusion (include_path='.:/usr/share/php') in /var/www/imcvp.org/main/common/common.php on line 302
[26-Sep-2024 18:58:14 Asia/Seoul] PHP Warning:  include_once(lib/mailer.lib.php): failed to open stream: No such file or directory in /var/www/imcvp.org/main/common/common.php on line 302
[26-Sep-2024 18:58:14 Asia/Seoul] PHP Warning:  include_once(): Failed opening 'lib/mailer.lib.php' for inclusion (include_path='.:/usr/share/php') in /var/www/imcvp.org/main/common/common.php on line 302
[26-Sep-2024 18:58:22 Asia/Seoul] PHP Warning:  include_once(lib/mailer.lib.php): failed to open stream: No such file or directory in /var/www/imcvp.org/main/common/common.php on line 302
[26-Sep-2024 18:58:22 Asia/Seoul] PHP Warning:  include_once(): Failed opening 'lib/mailer.lib.php' for inclusion (include_path='.:/usr/share/php') in /var/www/imcvp.org/main/common/common.php on line 302
[27-Sep-2024 10:20:17 Asia/Seoul] PHP Warning:  include_once(lib/mailer.lib.php): failed to open stream: No such file or directory in /var/www/imcvp.org/main/common/common.php on line 302
[27-Sep-2024 10:20:17 Asia/Seoul] PHP Warning:  include_once(): Failed opening 'lib/mailer.lib.php' for inclusion (include_path='.:/usr/share/php') in /var/www/imcvp.org/main/common/common.php on line 302
[27-Sep-2024 10:20:45 Asia/Seoul] PHP Warning:  include_once(lib/mailer.lib.php): failed to open stream: No such file or directory in /var/www/imcvp.org/main/common/common.php on line 302
[27-Sep-2024 10:20:45 Asia/Seoul] PHP Warning:  include_once(): Failed opening 'lib/mailer.lib.php' for inclusion (include_path='.:/usr/share/php') in /var/www/imcvp.org/main/common/common.php on line 302
[27-Sep-2024 10:27:25 Asia/Seoul] PHP Warning:  include_once(lib/mailer.lib.php): failed to open stream: No such file or directory in /var/www/imcvp.org/main/common/common.php on line 302
[27-Sep-2024 10:27:25 Asia/Seoul] PHP Warning:  include_once(): Failed opening 'lib/mailer.lib.php' for inclusion (include_path='.:/usr/share/php') in /var/www/imcvp.org/main/common/common.php on line 302
[27-Sep-2024 21:01:43 Asia/Seoul] PHP Warning:  include_once(lib/mailer.lib.php): failed to open stream: No such file or directory in /var/www/imcvp.org/main/common/common.php on line 302
[27-Sep-2024 21:01:43 Asia/Seoul] PHP Warning:  include_once(): Failed opening 'lib/mailer.lib.php' for inclusion (include_path='.:/usr/share/php') in /var/www/imcvp.org/main/common/common.php on line 302
[27-Sep-2024 21:04:53 Asia/Seoul] PHP Warning:  include_once(lib/mailer.lib.php): failed to open stream: No such file or directory in /var/www/imcvp.org/main/common/common.php on line 302
[27-Sep-2024 21:04:53 Asia/Seoul] PHP Warning:  include_once(): Failed opening 'lib/mailer.lib.php' for inclusion (include_path='.:/usr/share/php') in /var/www/imcvp.org/main/common/common.php on line 302
[28-Sep-2024 15:13:20 Asia/Seoul] PHP Warning:  include_once(lib/mailer.lib.php): failed to open stream: No such file or directory in /var/www/imcvp.org/main/common/common.php on line 302
[28-Sep-2024 15:13:20 Asia/Seoul] PHP Warning:  include_once(): Failed opening 'lib/mailer.lib.php' for inclusion (include_path='.:/usr/share/php') in /var/www/imcvp.org/main/common/common.php on line 302
[28-Sep-2024 20:16:27 Asia/Seoul] PHP Warning:  include_once(lib/mailer.lib.php): failed to open stream: No such file or directory in /var/www/imcvp.org/main/common/common.php on line 302
[28-Sep-2024 20:16:27 Asia/Seoul] PHP Warning:  include_once(): Failed opening 'lib/mailer.lib.php' for inclusion (include_path='.:/usr/share/php') in /var/www/imcvp.org/main/common/common.php on line 302
[28-Sep-2024 20:34:07 Asia/Seoul] PHP Warning:  include_once(lib/mailer.lib.php): failed to open stream: No such file or directory in /var/www/imcvp.org/main/common/common.php on line 302
[28-Sep-2024 20:34:07 Asia/Seoul] PHP Warning:  include_once(): Failed opening 'lib/mailer.lib.php' for inclusion (include_path='.:/usr/share/php') in /var/www/imcvp.org/main/common/common.php on line 302
[28-Sep-2024 20:38:50 Asia/Seoul] PHP Warning:  include_once(lib/mailer.lib.php): failed to open stream: No such file or directory in /var/www/imcvp.org/main/common/common.php on line 302
[28-Sep-2024 20:38:50 Asia/Seoul] PHP Warning:  include_once(): Failed opening 'lib/mailer.lib.php' for inclusion (include_path='.:/usr/share/php') in /var/www/imcvp.org/main/common/common.php on line 302
[28-Sep-2024 22:24:09 Asia/Seoul] PHP Warning:  include_once(lib/mailer.lib.php): failed to open stream: No such file or directory in /var/www/imcvp.org/main/common/common.php on line 302
[28-Sep-2024 22:24:09 Asia/Seoul] PHP Warning:  include_once(): Failed opening 'lib/mailer.lib.php' for inclusion (include_path='.:/usr/share/php') in /var/www/imcvp.org/main/common/common.php on line 302
[29-Sep-2024 15:09:08 Asia/Seoul] PHP Warning:  include_once(lib/mailer.lib.php): failed to open stream: No such file or directory in /var/www/imcvp.org/main/common/common.php on line 302
[29-Sep-2024 15:09:08 Asia/Seoul] PHP Warning:  include_once(): Failed opening 'lib/mailer.lib.php' for inclusion (include_path='.:/usr/share/php') in /var/www/imcvp.org/main/common/common.php on line 302
[29-Sep-2024 23:21:59 Asia/Seoul] PHP Warning:  include_once(lib/mailer.lib.php): failed to open stream: No such file or directory in /var/www/imcvp.org/main/common/common.php on line 302
[29-Sep-2024 23:21:59 Asia/Seoul] PHP Warning:  include_once(): Failed opening 'lib/mailer.lib.php' for inclusion (include_path='.:/usr/share/php') in /var/www/imcvp.org/main/common/common.php on line 302
[29-Sep-2024 23:34:08 Asia/Seoul] PHP Warning:  include_once(lib/mailer.lib.php): failed to open stream: No such file or directory in /var/www/imcvp.org/main/common/common.php on line 302
[29-Sep-2024 23:34:08 Asia/Seoul] PHP Warning:  include_once(): Failed opening 'lib/mailer.lib.php' for inclusion (include_path='.:/usr/share/php') in /var/www/imcvp.org/main/common/common.php on line 302
[29-Sep-2024 23:34:31 Asia/Seoul] PHP Warning:  include_once(lib/mailer.lib.php): failed to open stream: No such file or directory in /var/www/imcvp.org/main/common/common.php on line 302
[29-Sep-2024 23:34:31 Asia/Seoul] PHP Warning:  include_once(): Failed opening 'lib/mailer.lib.php' for inclusion (include_path='.:/usr/share/php') in /var/www/imcvp.org/main/common/common.php on line 302
[30-Sep-2024 09:55:44 Asia/Seoul] PHP Warning:  include_once(lib/mailer.lib.php): failed to open stream: No such file or directory in /var/www/imcvp.org/main/common/common.php on line 302
[30-Sep-2024 09:55:44 Asia/Seoul] PHP Warning:  include_once(): Failed opening 'lib/mailer.lib.php' for inclusion (include_path='.:/usr/share/php') in /var/www/imcvp.org/main/common/common.php on line 302
[30-Sep-2024 09:55:51 Asia/Seoul] PHP Warning:  include_once(lib/mailer.lib.php): failed to open stream: No such file or directory in /var/www/imcvp.org/main/common/common.php on line 302
[30-Sep-2024 09:55:51 Asia/Seoul] PHP Warning:  include_once(): Failed opening 'lib/mailer.lib.php' for inclusion (include_path='.:/usr/share/php') in /var/www/imcvp.org/main/common/common.php on line 302
[30-Sep-2024 09:55:55 Asia/Seoul] PHP Warning:  include_once(lib/mailer.lib.php): failed to open stream: No such file or directory in /var/www/imcvp.org/main/common/common.php on line 302
[30-Sep-2024 09:55:55 Asia/Seoul] PHP Warning:  include_once(): Failed opening 'lib/mailer.lib.php' for inclusion (include_path='.:/usr/share/php') in /var/www/imcvp.org/main/common/common.php on line 302
[30-Sep-2024 09:55:59 Asia/Seoul] PHP Warning:  include_once(lib/mailer.lib.php): failed to open stream: No such file or directory in /var/www/imcvp.org/main/common/common.php on line 302
[30-Sep-2024 09:55:59 Asia/Seoul] PHP Warning:  include_once(): Failed opening 'lib/mailer.lib.php' for inclusion (include_path='.:/usr/share/php') in /var/www/imcvp.org/main/common/common.php on line 302
[30-Sep-2024 09:56:08 Asia/Seoul] PHP Warning:  include_once(lib/mailer.lib.php): failed to open stream: No such file or directory in /var/www/imcvp.org/main/common/common.php on line 302
[30-Sep-2024 09:56:08 Asia/Seoul] PHP Warning:  include_once(): Failed opening 'lib/mailer.lib.php' for inclusion (include_path='.:/usr/share/php') in /var/www/imcvp.org/main/common/common.php on line 302
[30-Sep-2024 10:00:48 Asia/Seoul] PHP Warning:  include_once(lib/mailer.lib.php): failed to open stream: No such file or directory in /var/www/imcvp.org/main/common/common.php on line 302
[30-Sep-2024 10:00:48 Asia/Seoul] PHP Warning:  include_once(): Failed opening 'lib/mailer.lib.php' for inclusion (include_path='.:/usr/share/php') in /var/www/imcvp.org/main/common/common.php on line 302
[30-Sep-2024 11:17:58 Asia/Seoul] PHP Warning:  include_once(lib/mailer.lib.php): failed to open stream: No such file or directory in /var/www/imcvp.org/main/common/common.php on line 302
[30-Sep-2024 11:17:58 Asia/Seoul] PHP Warning:  include_once(): Failed opening 'lib/mailer.lib.php' for inclusion (include_path='.:/usr/share/php') in /var/www/imcvp.org/main/common/common.php on line 302
[30-Sep-2024 13:04:20 Asia/Seoul] PHP Warning:  include_once(lib/mailer.lib.php): failed to open stream: No such file or directory in /var/www/imcvp.org/main/common/common.php on line 302
[30-Sep-2024 13:04:20 Asia/Seoul] PHP Warning:  include_once(): Failed opening 'lib/mailer.lib.php' for inclusion (include_path='.:/usr/share/php') in /var/www/imcvp.org/main/common/common.php on line 302
[30-Sep-2024 16:06:26 Asia/Seoul] PHP Warning:  include_once(lib/mailer.lib.php): failed to open stream: No such file or directory in /var/www/imcvp.org/main/common/common.php on line 302
[30-Sep-2024 16:06:26 Asia/Seoul] PHP Warning:  include_once(): Failed opening 'lib/mailer.lib.php' for inclusion (include_path='.:/usr/share/php') in /var/www/imcvp.org/main/common/common.php on line 302
[30-Sep-2024 17:53:13 Asia/Seoul] PHP Warning:  include_once(lib/mailer.lib.php): failed to open stream: No such file or directory in /var/www/imcvp.org/main/common/common.php on line 302
[30-Sep-2024 17:53:13 Asia/Seoul] PHP Warning:  include_once(): Failed opening 'lib/mailer.lib.php' for inclusion (include_path='.:/usr/share/php') in /var/www/imcvp.org/main/common/common.php on line 302
[30-Sep-2024 18:20:00 Asia/Seoul] PHP Warning:  include_once(lib/mailer.lib.php): failed to open stream: No such file or directory in /var/www/imcvp.org/main/common/common.php on line 302
[30-Sep-2024 18:20:00 Asia/Seoul] PHP Warning:  include_once(): Failed opening 'lib/mailer.lib.php' for inclusion (include_path='.:/usr/share/php') in /var/www/imcvp.org/main/common/common.php on line 302
[30-Sep-2024 23:39:29 Asia/Seoul] PHP Warning:  include_once(lib/mailer.lib.php): failed to open stream: No such file or directory in /var/www/imcvp.org/main/common/common.php on line 302
[30-Sep-2024 23:39:29 Asia/Seoul] PHP Warning:  include_once(): Failed opening 'lib/mailer.lib.php' for inclusion (include_path='.:/usr/share/php') in /var/www/imcvp.org/main/common/common.php on line 302
[01-Oct-2024 00:03:09 Asia/Seoul] PHP Warning:  include_once(lib/mailer.lib.php): failed to open stream: No such file or directory in /var/www/imcvp.org/main/common/common.php on line 302
[01-Oct-2024 00:03:09 Asia/Seoul] PHP Warning:  include_once(): Failed opening 'lib/mailer.lib.php' for inclusion (include_path='.:/usr/share/php') in /var/www/imcvp.org/main/common/common.php on line 302
[01-Oct-2024 01:54:36 Asia/Seoul] PHP Warning:  include_once(lib/mailer.lib.php): failed to open stream: No such file or directory in /var/www/imcvp.org/main/common/common.php on line 302
[01-Oct-2024 01:54:36 Asia/Seoul] PHP Warning:  include_once(): Failed opening 'lib/mailer.lib.php' for inclusion (include_path='.:/usr/share/php') in /var/www/imcvp.org/main/common/common.php on line 302
[01-Oct-2024 07:26:42 Asia/Seoul] PHP Warning:  include_once(lib/mailer.lib.php): failed to open stream: No such file or directory in /var/www/imcvp.org/main/common/common.php on line 302
[01-Oct-2024 07:26:42 Asia/Seoul] PHP Warning:  include_once(): Failed opening 'lib/mailer.lib.php' for inclusion (include_path='.:/usr/share/php') in /var/www/imcvp.org/main/common/common.php on line 302
[01-Oct-2024 15:46:26 Asia/Seoul] PHP Warning:  include_once(lib/mailer.lib.php): failed to open stream: No such file or directory in /var/www/imcvp.org/main/common/common.php on line 302
[01-Oct-2024 15:46:26 Asia/Seoul] PHP Warning:  include_once(): Failed opening 'lib/mailer.lib.php' for inclusion (include_path='.:/usr/share/php') in /var/www/imcvp.org/main/common/common.php on line 302
[01-Oct-2024 16:12:27 Asia/Seoul] PHP Warning:  include_once(lib/mailer.lib.php): failed to open stream: No such file or directory in /var/www/imcvp.org/main/common/common.php on line 302
[01-Oct-2024 16:12:27 Asia/Seoul] PHP Warning:  include_once(): Failed opening 'lib/mailer.lib.php' for inclusion (include_path='.:/usr/share/php') in /var/www/imcvp.org/main/common/common.php on line 302
[02-Oct-2024 09:57:05 Asia/Seoul] PHP Warning:  include_once(lib/mailer.lib.php): failed to open stream: No such file or directory in /var/www/imcvp.org/main/common/common.php on line 302
[02-Oct-2024 09:57:05 Asia/Seoul] PHP Warning:  include_once(): Failed opening 'lib/mailer.lib.php' for inclusion (include_path='.:/usr/share/php') in /var/www/imcvp.org/main/common/common.php on line 302
[02-Oct-2024 15:28:30 Asia/Seoul] PHP Warning:  include_once(lib/mailer.lib.php): failed to open stream: No such file or directory in /var/www/imcvp.org/main/common/common.php on line 302
[02-Oct-2024 15:28:30 Asia/Seoul] PHP Warning:  include_once(): Failed opening 'lib/mailer.lib.php' for inclusion (include_path='.:/usr/share/php') in /var/www/imcvp.org/main/common/common.php on line 302
[03-Oct-2024 12:35:01 Asia/Seoul] PHP Warning:  include_once(lib/mailer.lib.php): failed to open stream: No such file or directory in /var/www/imcvp.org/main/common/common.php on line 302
[03-Oct-2024 12:35:01 Asia/Seoul] PHP Warning:  include_once(): Failed opening 'lib/mailer.lib.php' for inclusion (include_path='.:/usr/share/php') in /var/www/imcvp.org/main/common/common.php on line 302
[04-Oct-2024 14:38:22 Asia/Seoul] PHP Warning:  include_once(lib/mailer.lib.php): failed to open stream: No such file or directory in /var/www/imcvp.org/main/common/common.php on line 302
[04-Oct-2024 14:38:22 Asia/Seoul] PHP Warning:  include_once(): Failed opening 'lib/mailer.lib.php' for inclusion (include_path='.:/usr/share/php') in /var/www/imcvp.org/main/common/common.php on line 302
[05-Oct-2024 10:08:17 Asia/Seoul] PHP Warning:  include_once(lib/mailer.lib.php): failed to open stream: No such file or directory in /var/www/imcvp.org/main/common/common.php on line 302
[05-Oct-2024 10:08:17 Asia/Seoul] PHP Warning:  include_once(): Failed opening 'lib/mailer.lib.php' for inclusion (include_path='.:/usr/share/php') in /var/www/imcvp.org/main/common/common.php on line 302
[05-Oct-2024 19:56:39 Asia/Seoul] PHP Warning:  include_once(lib/mailer.lib.php): failed to open stream: No such file or directory in /var/www/imcvp.org/main/common/common.php on line 302
[05-Oct-2024 19:56:39 Asia/Seoul] PHP Warning:  include_once(): Failed opening 'lib/mailer.lib.php' for inclusion (include_path='.:/usr/share/php') in /var/www/imcvp.org/main/common/common.php on line 302
[05-Oct-2024 20:33:52 Asia/Seoul] PHP Warning:  include_once(lib/mailer.lib.php): failed to open stream: No such file or directory in /var/www/imcvp.org/main/common/common.php on line 302
[05-Oct-2024 20:33:52 Asia/Seoul] PHP Warning:  include_once(): Failed opening 'lib/mailer.lib.php' for inclusion (include_path='.:/usr/share/php') in /var/www/imcvp.org/main/common/common.php on line 302
[06-Oct-2024 19:07:17 Asia/Seoul] PHP Warning:  include_once(lib/mailer.lib.php): failed to open stream: No such file or directory in /var/www/imcvp.org/main/common/common.php on line 302
[06-Oct-2024 19:07:17 Asia/Seoul] PHP Warning:  include_once(): Failed opening 'lib/mailer.lib.php' for inclusion (include_path='.:/usr/share/php') in /var/www/imcvp.org/main/common/common.php on line 302
[06-Oct-2024 19:07:40 Asia/Seoul] PHP Warning:  include_once(lib/mailer.lib.php): failed to open stream: No such file or directory in /var/www/imcvp.org/main/common/common.php on line 302
[06-Oct-2024 19:07:40 Asia/Seoul] PHP Warning:  include_once(): Failed opening 'lib/mailer.lib.php' for inclusion (include_path='.:/usr/share/php') in /var/www/imcvp.org/main/common/common.php on line 302
[06-Oct-2024 22:20:32 Asia/Seoul] PHP Warning:  include_once(lib/mailer.lib.php): failed to open stream: No such file or directory in /var/www/imcvp.org/main/common/common.php on line 302
[06-Oct-2024 22:20:32 Asia/Seoul] PHP Warning:  include_once(): Failed opening 'lib/mailer.lib.php' for inclusion (include_path='.:/usr/share/php') in /var/www/imcvp.org/main/common/common.php on line 302
[07-Oct-2024 08:24:27 Asia/Seoul] PHP Warning:  include_once(lib/mailer.lib.php): failed to open stream: No such file or directory in /var/www/imcvp.org/main/common/common.php on line 302
[07-Oct-2024 08:24:27 Asia/Seoul] PHP Warning:  include_once(): Failed opening 'lib/mailer.lib.php' for inclusion (include_path='.:/usr/share/php') in /var/www/imcvp.org/main/common/common.php on line 302
[07-Oct-2024 19:19:39 Asia/Seoul] PHP Warning:  include_once(lib/mailer.lib.php): failed to open stream: No such file or directory in /var/www/imcvp.org/main/common/common.php on line 302
[07-Oct-2024 19:19:39 Asia/Seoul] PHP Warning:  include_once(): Failed opening 'lib/mailer.lib.php' for inclusion (include_path='.:/usr/share/php') in /var/www/imcvp.org/main/common/common.php on line 302
[07-Oct-2024 20:52:32 Asia/Seoul] PHP Warning:  include_once(lib/mailer.lib.php): failed to open stream: No such file or directory in /var/www/imcvp.org/main/common/common.php on line 302
[07-Oct-2024 20:52:32 Asia/Seoul] PHP Warning:  include_once(): Failed opening 'lib/mailer.lib.php' for inclusion (include_path='.:/usr/share/php') in /var/www/imcvp.org/main/common/common.php on line 302
[07-Oct-2024 21:40:56 Asia/Seoul] PHP Warning:  include_once(lib/mailer.lib.php): failed to open stream: No such file or directory in /var/www/imcvp.org/main/common/common.php on line 302
[07-Oct-2024 21:40:56 Asia/Seoul] PHP Warning:  include_once(): Failed opening 'lib/mailer.lib.php' for inclusion (include_path='.:/usr/share/php') in /var/www/imcvp.org/main/common/common.php on line 302
[07-Oct-2024 21:41:11 Asia/Seoul] PHP Warning:  include_once(lib/mailer.lib.php): failed to open stream: No such file or directory in /var/www/imcvp.org/main/common/common.php on line 302
[07-Oct-2024 21:41:11 Asia/Seoul] PHP Warning:  include_once(): Failed opening 'lib/mailer.lib.php' for inclusion (include_path='.:/usr/share/php') in /var/www/imcvp.org/main/common/common.php on line 302
[07-Oct-2024 23:26:07 Asia/Seoul] PHP Warning:  include_once(lib/mailer.lib.php): failed to open stream: No such file or directory in /var/www/imcvp.org/main/common/common.php on line 302
[07-Oct-2024 23:26:07 Asia/Seoul] PHP Warning:  include_once(): Failed opening 'lib/mailer.lib.php' for inclusion (include_path='.:/usr/share/php') in /var/www/imcvp.org/main/common/common.php on line 302
[07-Oct-2024 23:49:00 Asia/Seoul] PHP Warning:  include_once(lib/mailer.lib.php): failed to open stream: No such file or directory in /var/www/imcvp.org/main/common/common.php on line 302
[07-Oct-2024 23:49:00 Asia/Seoul] PHP Warning:  include_once(): Failed opening 'lib/mailer.lib.php' for inclusion (include_path='.:/usr/share/php') in /var/www/imcvp.org/main/common/common.php on line 302
[08-Oct-2024 11:53:23 Asia/Seoul] PHP Warning:  include_once(lib/mailer.lib.php): failed to open stream: No such file or directory in /var/www/imcvp.org/main/common/common.php on line 302
[08-Oct-2024 11:53:23 Asia/Seoul] PHP Warning:  include_once(): Failed opening 'lib/mailer.lib.php' for inclusion (include_path='.:/usr/share/php') in /var/www/imcvp.org/main/common/common.php on line 302
[08-Oct-2024 20:12:06 Asia/Seoul] PHP Warning:  include_once(lib/mailer.lib.php): failed to open stream: No such file or directory in /var/www/imcvp.org/main/common/common.php on line 302
[08-Oct-2024 20:12:06 Asia/Seoul] PHP Warning:  include_once(): Failed opening 'lib/mailer.lib.php' for inclusion (include_path='.:/usr/share/php') in /var/www/imcvp.org/main/common/common.php on line 302
[09-Oct-2024 19:14:40 Asia/Seoul] PHP Warning:  include_once(lib/mailer.lib.php): failed to open stream: No such file or directory in /var/www/imcvp.org/main/common/common.php on line 302
[09-Oct-2024 19:14:40 Asia/Seoul] PHP Warning:  include_once(): Failed opening 'lib/mailer.lib.php' for inclusion (include_path='.:/usr/share/php') in /var/www/imcvp.org/main/common/common.php on line 302
[09-Oct-2024 19:41:28 Asia/Seoul] PHP Warning:  include_once(lib/mailer.lib.php): failed to open stream: No such file or directory in /var/www/imcvp.org/main/common/common.php on line 302
[09-Oct-2024 19:41:28 Asia/Seoul] PHP Warning:  include_once(): Failed opening 'lib/mailer.lib.php' for inclusion (include_path='.:/usr/share/php') in /var/www/imcvp.org/main/common/common.php on line 302
[11-Oct-2024 14:28:40 Asia/Seoul] PHP Warning:  include_once(lib/mailer.lib.php): failed to open stream: No such file or directory in /var/www/imcvp.org/main/common/common.php on line 302
[11-Oct-2024 14:28:40 Asia/Seoul] PHP Warning:  include_once(): Failed opening 'lib/mailer.lib.php' for inclusion (include_path='.:/usr/share/php') in /var/www/imcvp.org/main/common/common.php on line 302
[11-Oct-2024 14:34:17 Asia/Seoul] PHP Warning:  include_once(lib/mailer.lib.php): failed to open stream: No such file or directory in /var/www/imcvp.org/main/common/common.php on line 302
[11-Oct-2024 14:34:17 Asia/Seoul] PHP Warning:  include_once(): Failed opening 'lib/mailer.lib.php' for inclusion (include_path='.:/usr/share/php') in /var/www/imcvp.org/main/common/common.php on line 302
[11-Oct-2024 14:37:20 Asia/Seoul] PHP Warning:  include_once(lib/mailer.lib.php): failed to open stream: No such file or directory in /var/www/imcvp.org/main/common/common.php on line 302
[11-Oct-2024 14:37:20 Asia/Seoul] PHP Warning:  include_once(): Failed opening 'lib/mailer.lib.php' for inclusion (include_path='.:/usr/share/php') in /var/www/imcvp.org/main/common/common.php on line 302
[12-Oct-2024 14:28:00 Asia/Seoul] PHP Warning:  include_once(lib/mailer.lib.php): failed to open stream: No such file or directory in /var/www/imcvp.org/main/common/common.php on line 302
[12-Oct-2024 14:28:00 Asia/Seoul] PHP Warning:  include_once(): Failed opening 'lib/mailer.lib.php' for inclusion (include_path='.:/usr/share/php') in /var/www/imcvp.org/main/common/common.php on line 302
[13-Oct-2024 17:00:37 Asia/Seoul] PHP Warning:  include_once(lib/mailer.lib.php): failed to open stream: No such file or directory in /var/www/imcvp.org/main/common/common.php on line 302
[13-Oct-2024 17:00:37 Asia/Seoul] PHP Warning:  include_once(): Failed opening 'lib/mailer.lib.php' for inclusion (include_path='.:/usr/share/php') in /var/www/imcvp.org/main/common/common.php on line 302
