[25-Aug-2024 03:58:54 Asia/Seoul] PHP Warning:  include_once(lib/mailer.lib.php): failed to open stream: No such file or directory in /var/www/imcvp.org/main/common/common.php on line 302
[25-Aug-2024 03:58:54 Asia/Seoul] PHP Warning:  include_once(): Failed opening 'lib/mailer.lib.php' for inclusion (include_path='.:/usr/share/php') in /var/www/imcvp.org/main/common/common.php on line 302
[25-Aug-2024 12:00:50 Asia/Seoul] PHP Warning:  include_once(lib/mailer.lib.php): failed to open stream: No such file or directory in /var/www/imcvp.org/main/common/common.php on line 302
[25-Aug-2024 12:00:50 Asia/Seoul] PHP Warning:  include_once(): Failed opening 'lib/mailer.lib.php' for inclusion (include_path='.:/usr/share/php') in /var/www/imcvp.org/main/common/common.php on line 302
[05-Sep-2024 06:34:11 Asia/Seoul] PHP Warning:  include_once(lib/mailer.lib.php): failed to open stream: No such file or directory in /var/www/imcvp.org/main/common/common.php on line 302
[05-Sep-2024 06:34:11 Asia/Seoul] PHP Warning:  include_once(): Failed opening 'lib/mailer.lib.php' for inclusion (include_path='.:/usr/share/php') in /var/www/imcvp.org/main/common/common.php on line 302
[07-Sep-2024 08:51:35 Asia/Seoul] PHP Warning:  include_once(lib/mailer.lib.php): failed to open stream: No such file or directory in /var/www/imcvp.org/main/common/common.php on line 302
[07-Sep-2024 08:51:35 Asia/Seoul] PHP Warning:  include_once(): Failed opening 'lib/mailer.lib.php' for inclusion (include_path='.:/usr/share/php') in /var/www/imcvp.org/main/common/common.php on line 302
[10-Sep-2024 00:44:07 Asia/Seoul] PHP Warning:  include_once(lib/mailer.lib.php): failed to open stream: No such file or directory in /var/www/imcvp.org/main/common/common.php on line 302
[10-Sep-2024 00:44:07 Asia/Seoul] PHP Warning:  include_once(): Failed opening 'lib/mailer.lib.php' for inclusion (include_path='.:/usr/share/php') in /var/www/imcvp.org/main/common/common.php on line 302
[10-Sep-2024 09:57:04 Asia/Seoul] PHP Warning:  include_once(lib/mailer.lib.php): failed to open stream: No such file or directory in /var/www/imcvp.org/main/common/common.php on line 302
[10-Sep-2024 09:57:04 Asia/Seoul] PHP Warning:  include_once(): Failed opening 'lib/mailer.lib.php' for inclusion (include_path='.:/usr/share/php') in /var/www/imcvp.org/main/common/common.php on line 302
[23-Sep-2024 17:22:52 Asia/Seoul] PHP Warning:  include_once(lib/mailer.lib.php): failed to open stream: No such file or directory in /var/www/imcvp.org/main/common/common.php on line 302
[23-Sep-2024 17:22:52 Asia/Seoul] PHP Warning:  include_once(): Failed opening 'lib/mailer.lib.php' for inclusion (include_path='.:/usr/share/php') in /var/www/imcvp.org/main/common/common.php on line 302
[27-Sep-2024 02:37:33 Asia/Seoul] PHP Warning:  include_once(lib/mailer.lib.php): failed to open stream: No such file or directory in /var/www/imcvp.org/main/common/common.php on line 302
[27-Sep-2024 02:37:33 Asia/Seoul] PHP Warning:  include_once(): Failed opening 'lib/mailer.lib.php' for inclusion (include_path='.:/usr/share/php') in /var/www/imcvp.org/main/common/common.php on line 302
[29-Sep-2024 12:50:56 Asia/Seoul] PHP Warning:  include_once(lib/mailer.lib.php): failed to open stream: No such file or directory in /var/www/imcvp.org/main/common/common.php on line 302
[29-Sep-2024 12:50:56 Asia/Seoul] PHP Warning:  include_once(): Failed opening 'lib/mailer.lib.php' for inclusion (include_path='.:/usr/share/php') in /var/www/imcvp.org/main/common/common.php on line 302
[02-Oct-2024 02:21:11 Asia/Seoul] PHP Warning:  include_once(lib/mailer.lib.php): failed to open stream: No such file or directory in /var/www/imcvp.org/main/common/common.php on line 302
[02-Oct-2024 02:21:11 Asia/Seoul] PHP Warning:  include_once(): Failed opening 'lib/mailer.lib.php' for inclusion (include_path='.:/usr/share/php') in /var/www/imcvp.org/main/common/common.php on line 302
[02-Oct-2024 09:12:13 Asia/Seoul] PHP Warning:  include_once(lib/mailer.lib.php): failed to open stream: No such file or directory in /var/www/imcvp.org/main/common/common.php on line 302
[02-Oct-2024 09:12:13 Asia/Seoul] PHP Warning:  include_once(): Failed opening 'lib/mailer.lib.php' for inclusion (include_path='.:/usr/share/php') in /var/www/imcvp.org/main/common/common.php on line 302
[09-Oct-2024 06:34:40 Asia/Seoul] PHP Warning:  include_once(lib/mailer.lib.php): failed to open stream: No such file or directory in /var/www/imcvp.org/main/common/common.php on line 302
[09-Oct-2024 06:34:40 Asia/Seoul] PHP Warning:  include_once(): Failed opening 'lib/mailer.lib.php' for inclusion (include_path='.:/usr/share/php') in /var/www/imcvp.org/main/common/common.php on line 302
[13-Oct-2024 11:11:18 Asia/Seoul] PHP Warning:  include_once(lib/mailer.lib.php): failed to open stream: No such file or directory in /var/www/imcvp.org/main/common/common.php on line 302
[13-Oct-2024 11:11:18 Asia/Seoul] PHP Warning:  include_once(): Failed opening 'lib/mailer.lib.php' for inclusion (include_path='.:/usr/share/php') in /var/www/imcvp.org/main/common/common.php on line 302
